TN:
SF:/Users/ssimonia/git/dash.js/src/core/EventBus.js
FN:38,_interopRequireDefault
FN:47,EventBus
FN:51,on
FN:71,(anonymous_4)
FN:83,off
FN:90,trigger
FN:99,(anonymous_7)
FN:102,(anonymous_8)
FN:107,getHandlerIdx
FN:113,(anonymous_10)
FN:122,reset
FNF:11
FNH:10
FNDA:1,_interopRequireDefault
FNDA:154,EventBus
FNDA:693,on
FNDA:3732,(anonymous_4)
FNDA:582,off
FNDA:423,trigger
FNDA:179,(anonymous_7)
FNDA:81,(anonymous_8)
FNDA:1251,getHandlerIdx
FNDA:7935,(anonymous_10)
FNDA:0,reset
DA:33,1
DA:38,1
DA:40,1
DA:42,1
DA:44,1
DA:45,1
DA:47,1
DA:49,154
DA:51,1
DA:52,693
DA:54,693
DA:55,1
DA:57,692
DA:58,1
DA:61,691
DA:63,691
DA:65,691
DA:71,691
DA:72,3732
DA:73,1
DA:74,1
DA:78,691
DA:79,690
DA:83,1
DA:84,582
DA:85,560
DA:86,560
DA:87,512
DA:90,1
DA:91,423
DA:93,80
DA:95,80
DA:97,79
DA:99,79
DA:100,179
DA:102,79
DA:103,81
DA:107,1
DA:109,1251
DA:111,1251
DA:113,1044
DA:114,7935
DA:115,512
DA:116,512
DA:119,1044
DA:122,1
DA:123,0
DA:126,154
DA:133,154
DA:136,1
DA:137,1
DA:138,1
DA:139,1
DA:140,1
DA:141,1
DA:142,1
LF:56
LH:55
BRDA:38,1,0,0
BRDA:38,1,1,1
BRDA:38,2,0,1
BRDA:38,2,1,1
BRDA:52,3,0,671
BRDA:52,3,1,22
BRDA:52,4,0,693
BRDA:52,4,1,22
BRDA:54,5,0,1
BRDA:54,5,1,692
BRDA:57,6,0,1
BRDA:57,6,1,691
BRDA:57,7,0,692
BRDA:57,7,1,691
BRDA:61,8,0,0
BRDA:61,8,1,691
BRDA:63,9,0,691
BRDA:63,9,1,207
BRDA:72,10,0,1
BRDA:72,10,1,3731
BRDA:72,11,0,3732
BRDA:72,11,1,166
BRDA:78,12,0,690
BRDA:78,12,1,1
BRDA:84,13,0,22
BRDA:84,13,1,560
BRDA:84,14,0,582
BRDA:84,14,1,582
BRDA:84,14,2,582
BRDA:86,15,0,48
BRDA:86,15,1,512
BRDA:91,16,0,343
BRDA:91,16,1,80
BRDA:91,17,0,423
BRDA:91,17,1,420
BRDA:93,18,0,80
BRDA:93,18,1,7
BRDA:95,19,0,1
BRDA:95,19,1,79
BRDA:103,20,0,81
BRDA:103,20,1,81
BRDA:111,21,0,207
BRDA:111,21,1,1044
BRDA:114,22,0,512
BRDA:114,22,1,7423
BRDA:114,23,0,7935
BRDA:114,23,1,691
BRDA:114,23,2,512
BRDA:114,23,3,476
BRF:49
BRH:48
end_of_record
TN:
SF:/Users/ssimonia/git/dash.js/src/core/FactoryMaker.js
FN:39,(anonymous_1)
FN:46,extend
FN:67,getSingletonInstance
FN:86,setSingletonInstance
FN:107,getFactoryByName
FN:111,updateFactory
FN:123,updateClassFactory
FN:127,getClassFactoryByName
FN:131,getClassFactory
FN:135,(anonymous_10)
FN:140,create
FN:157,updateSingletonFactory
FN:161,getSingletonFactoryByName
FN:165,getSingletonFactory
FN:168,(anonymous_15)
FN:174,getInstance
FN:198,merge
FN:237,(anonymous_18)
FNF:18
FNH:14
FNDA:1,(anonymous_1)
FNDA:0,extend
FNDA:2646,getSingletonInstance
FNDA:12,setSingletonInstance
FNDA:98,getFactoryByName
FNDA:16,updateFactory
FNDA:9,updateClassFactory
FNDA:0,getClassFactoryByName
FNDA:58,getClassFactory
FNDA:595,(anonymous_10)
FNDA:595,create
FNDA:7,updateSingletonFactory
FNDA:0,getSingletonFactoryByName
FNDA:40,getSingletonFactory
FNDA:2646,(anonymous_15)
FNDA:2646,getInstance
FNDA:1701,merge
FNDA:0,(anonymous_18)
DA:36,1
DA:39,1
DA:41,1
DA:42,1
DA:43,1
DA:44,1
DA:46,1
DA:47,0
DA:48,0
DA:67,1
DA:68,2646
DA:69,1509120
DA:70,1509120
DA:71,1540
DA:74,1106
DA:86,1
DA:87,12
DA:88,12743
DA:89,12743
DA:90,11
DA:91,11
DA:94,1
DA:107,1
DA:108,98
DA:111,1
DA:112,16
DA:113,15
DA:123,1
DA:124,9
DA:127,1
DA:128,0
DA:131,1
DA:132,58
DA:134,58
DA:135,58
DA:136,595
DA:137,113
DA:139,595
DA:141,595
DA:146,58
DA:148,58
DA:157,1
DA:158,7
DA:161,1
DA:162,0
DA:165,1
DA:166,40
DA:167,40
DA:168,40
DA:169,2646
DA:170,2646
DA:171,2
DA:173,2646
DA:176,2646
DA:177,2646
DA:180,2646
DA:181,1106
DA:182,1106
DA:188,2646
DA:192,40
DA:195,40
DA:198,1
DA:200,1701
DA:201,1701
DA:202,1701
DA:204,1701
DA:206,0
DA:208,0
DA:211,0
DA:212,0
DA:218,0
DA:219,0
DA:220,0
DA:226,0
DA:233,1701
DA:237,1699
DA:238,0
DA:241,1699
DA:244,1
DA:256,1
DA:259,1
DA:260,1
LF:82
LH:69
BRDA:47,1,0,0
BRDA:47,1,1,0
BRDA:47,2,0,0
BRDA:47,2,1,0
BRDA:70,3,0,1540
BRDA:70,3,1,1507580
BRDA:70,4,0,1509120
BRDA:70,4,1,10162
BRDA:89,5,0,11
BRDA:89,5,1,12732
BRDA:89,6,0,12743
BRDA:89,6,1,23
BRDA:112,7,0,15
BRDA:112,7,1,1
BRDA:134,8,0,58
BRDA:134,8,1,0
BRDA:136,9,0,113
BRDA:136,9,1,482
BRDA:167,10,0,40
BRDA:167,10,1,0
BRDA:170,11,0,2
BRDA:170,11,1,2644
BRDA:176,12,0,2646
BRDA:176,12,1,0
BRDA:180,13,0,1106
BRDA:180,13,1,1540
BRDA:204,14,0,0
BRDA:204,14,1,1701
BRDA:208,15,0,0
BRDA:208,15,1,0
BRDA:219,16,0,0
BRDA:219,16,1,0
BRF:32
BRH:20
end_of_record
TN:
SF:/Users/ssimonia/git/dash.js/src/dash/DashAdapter.js
FN:39,_interopRequireDefault
FN:73,DashAdapter
FN:79,setup
FN:83,setConfig
FN:91,getRepresentationForRepresentationInfo
FN:95,getAdaptationForMediaInfo
FN:101,getPeriodForStreamInfo
FN:113,convertRepresentationToRepresentationInfo
FN:130,convertAdaptationToMediaInfo
FN:143,(anonymous_10)
FN:157,(anonymous_11)
FN:160,(anonymous_12)
FN:169,(anonymous_13)
FN:179,convertVideoInfoToEmbeddedTextInfo
FN:190,convertVideoInfoToThumbnailInfo
FN:194,convertPeriodToStreamInfo
FN:208,convertMpdToManifestInfo
FN:222,getMediaInfoForType
FN:241,getAllMediaInfoForType
FN:327,checkSetConfigCall
FN:333,updatePeriods
FN:344,getStreamsInfo
FN:366,checkStreamProcessor
FN:372,checkRepresentationController
FN:378,checkQuality
FN:386,getInitRequest
FN:402,getNextFragmentRequest
FN:416,getFragmentRequestForTime
FN:430,generateFragmentRequestForTime
FN:444,getIndexHandlerTime
FN:455,setIndexHandlerTime
FN:464,updateData
FN:482,getRepresentationInfoForQuality
FN:490,getCurrentRepresentationInfo
FN:496,getEvent
FN:524,getEventsFor
FN:544,reset
FNF:37
FNH:27
FNDA:8,_interopRequireDefault
FNDA:31,DashAdapter
FNDA:31,setup
FNDA:30,setConfig
FNDA:3,getRepresentationForRepresentationInfo
FNDA:3,getAdaptationForMediaInfo
FNDA:1,getPeriodForStreamInfo
FNDA:0,convertRepresentationToRepresentationInfo
FNDA:0,convertAdaptationToMediaInfo
FNDA:0,(anonymous_10)
FNDA:0,(anonymous_11)
FNDA:0,(anonymous_12)
FNDA:0,(anonymous_13)
FNDA:0,convertVideoInfoToEmbeddedTextInfo
FNDA:0,convertVideoInfoToThumbnailInfo
FNDA:0,convertPeriodToStreamInfo
FNDA:0,convertMpdToManifestInfo
FNDA:1,getMediaInfoForType
FNDA:2,getAllMediaInfoForType
FNDA:3,checkSetConfigCall
FNDA:2,updatePeriods
FNDA:1,getStreamsInfo
FNDA:22,checkStreamProcessor
FNDA:3,checkRepresentationController
FNDA:3,checkQuality
FNDA:4,getInitRequest
FNDA:3,getNextFragmentRequest
FNDA:3,getFragmentRequestForTime
FNDA:3,generateFragmentRequestForTime
FNDA:3,getIndexHandlerTime
FNDA:3,setIndexHandlerTime
FNDA:3,updateData
FNDA:2,getRepresentationInfoForQuality
FNDA:1,getCurrentRepresentationInfo
FNDA:4,getEvent
FNDA:1,getEventsFor
FNDA:34,reset
DA:34,1
DA:39,8
DA:41,1
DA:43,1
DA:45,1
DA:47,1
DA:49,1
DA:51,1
DA:53,1
DA:55,1
DA:57,1
DA:59,1
DA:61,1
DA:63,1
DA:65,1
DA:67,1
DA:69,1
DA:71,1
DA:73,1
DA:74,31
DA:79,1
DA:80,31
DA:83,1
DA:84,30
DA:86,30
DA:87,30
DA:91,1
DA:92,3
DA:95,1
DA:97,3
DA:98,0
DA:101,1
DA:102,1
DA:104,1
DA:105,0
DA:107,0
DA:110,1
DA:113,1
DA:114,0
DA:115,0
DA:116,0
DA:118,0
DA:119,0
DA:120,0
DA:121,0
DA:122,0
DA:123,0
DA:124,0
DA:125,0
DA:127,0
DA:130,1
DA:131,0
DA:132,0
DA:133,0
DA:135,0
DA:136,0
DA:137,0
DA:138,0
DA:139,0
DA:140,0
DA:141,0
DA:142,0
DA:143,0
DA:144,0
DA:145,0
DA:146,0
DA:147,0
DA:148,0
DA:150,0
DA:152,0
DA:154,0
DA:157,0
DA:158,0
DA:160,0
DA:161,0
DA:163,0
DA:164,0
DA:165,0
DA:166,0
DA:168,0
DA:169,0
DA:170,0
DA:174,0
DA:176,0
DA:179,1
DA:180,0
DA:181,0
DA:182,0
DA:183,0
DA:184,0
DA:185,0
DA:186,0
DA:187,0
DA:190,1
DA:191,0
DA:194,1
DA:195,0
DA:196,0
DA:198,0
DA:199,0
DA:200,0
DA:201,0
DA:202,0
DA:203,0
DA:205,0
DA:208,1
DA:209,0
DA:211,0
DA:212,0
DA:213,0
DA:214,0
DA:215,0
DA:216,0
DA:217,0
DA:219,0
DA:222,1
DA:224,1
DA:225,1
DA:228,0
DA:229,0
DA:230,0
DA:232,0
DA:233,0
DA:234,0
DA:236,0
DA:238,0
DA:241,1
DA:242,2
DA:243,2
DA:244,2
DA:245,2
DA:252,2
DA:253,1
DA:254,0
DA:256,0
DA:258,1
DA:259,0
DA:261,1
DA:265,0
DA:266,0
DA:267,0
DA:269,0
DA:271,0
DA:273,0
DA:274,0
DA:275,0
DA:276,0
DA:278,0
DA:279,0
DA:280,0
DA:281,0
DA:282,0
DA:284,0
DA:285,0
DA:286,0
DA:287,0
DA:288,0
DA:289,0
DA:290,0
DA:291,0
DA:293,0
DA:294,0
DA:295,0
DA:298,0
DA:300,0
DA:301,0
DA:303,0
DA:304,0
DA:305,0
DA:308,0
DA:310,0
DA:311,0
DA:312,0
DA:315,0
DA:316,0
DA:317,0
DA:318,0
DA:319,0
DA:320,0
DA:324,0
DA:327,1
DA:328,3
DA:329,3
DA:333,1
DA:334,2
DA:336,1
DA:338,0
DA:340,0
DA:341,0
DA:344,1
DA:345,1
DA:346,1
DA:349,1
DA:350,1
DA:351,0
DA:353,0
DA:356,0
DA:357,0
DA:359,0
DA:360,0
DA:363,0
DA:366,1
DA:367,22
DA:368,14
DA:372,1
DA:373,3
DA:374,2
DA:378,1
DA:379,3
DA:381,3
DA:382,2
DA:386,1
DA:387,4
DA:391,4
DA:392,2
DA:394,1
DA:395,1
DA:397,1
DA:399,1
DA:402,1
DA:403,3
DA:407,3
DA:409,1
DA:410,1
DA:411,1
DA:413,1
DA:416,1
DA:417,3
DA:421,3
DA:423,1
DA:424,1
DA:425,1
DA:427,1
DA:430,1
DA:431,3
DA:435,3
DA:437,1
DA:438,1
DA:439,1
DA:441,1
DA:444,1
DA:445,3
DA:447,1
DA:449,1
DA:450,0
DA:452,1
DA:455,1
DA:456,3
DA:458,1
DA:459,1
DA:460,0
DA:464,1
DA:465,3
DA:467,1
DA:468,1
DA:469,1
DA:470,1
DA:472,1
DA:475,1
DA:476,1
DA:477,0
DA:478,0
DA:482,1
DA:483,2
DA:484,1
DA:486,0
DA:487,0
DA:490,1
DA:491,1
DA:492,0
DA:493,0
DA:496,1
DA:497,4
DA:498,2
DA:500,2
DA:501,2
DA:502,2
DA:503,2
DA:504,2
DA:505,2
DA:506,2
DA:507,2
DA:508,2
DA:510,2
DA:512,1
DA:513,1
DA:514,1
DA:515,1
DA:516,1
DA:517,1
DA:518,1
DA:519,1
DA:521,1
DA:524,1
DA:525,1
DA:527,1
DA:528,1
DA:531,0
DA:533,0
DA:534,0
DA:535,0
DA:536,0
DA:537,0
DA:538,0
DA:541,0
DA:544,1
DA:545,34
DA:546,34
DA:549,31
DA:571,31
DA:572,31
DA:575,1
DA:576,1
DA:577,1
LF:314
LH:160
BRDA:39,1,0,0
BRDA:39,1,1,8
BRDA:39,2,0,8
BRDA:39,2,1,8
BRDA:84,3,0,0
BRDA:84,3,1,30
BRDA:86,4,0,30
BRDA:86,4,1,0
BRDA:92,5,0,0
BRDA:92,5,1,3
BRDA:92,6,0,3
BRDA:92,6,1,0
BRDA:97,7,0,3
BRDA:97,7,1,0
BRDA:97,8,0,3
BRDA:97,8,1,1
BRDA:97,8,2,0
BRDA:97,8,3,0
BRDA:107,9,0,0
BRDA:107,9,1,0
BRDA:122,10,0,0
BRDA:122,10,1,0
BRDA:122,11,0,0
BRDA:122,11,1,0
BRDA:122,12,0,0
BRDA:122,12,1,0
BRDA:142,13,0,0
BRDA:142,13,1,0
BRDA:146,14,0,0
BRDA:146,14,1,0
BRDA:146,15,0,0
BRDA:146,15,1,0
BRDA:146,15,2,0
BRDA:147,16,0,0
BRDA:147,16,1,0
BRDA:168,17,0,0
BRDA:168,17,1,0
BRDA:203,18,0,0
BRDA:203,18,1,0
BRDA:224,19,0,1
BRDA:224,19,1,0
BRDA:230,20,0,0
BRDA:230,20,1,0
BRDA:236,21,0,0
BRDA:236,21,1,0
BRDA:252,22,0,1
BRDA:252,22,1,1
BRDA:258,23,0,0
BRDA:258,23,1,1
BRDA:267,24,0,0
BRDA:267,24,1,0
BRDA:269,25,0,0
BRDA:269,25,1,0
BRDA:271,26,0,0
BRDA:271,26,1,0
BRDA:278,27,0,0
BRDA:278,27,1,0
BRDA:281,28,0,0
BRDA:281,28,1,0
BRDA:285,29,0,0
BRDA:285,29,1,0
BRDA:288,30,0,0
BRDA:288,30,1,0
BRDA:290,31,0,0
BRDA:290,31,1,0
BRDA:300,32,0,0
BRDA:300,32,1,0
BRDA:308,33,0,0
BRDA:308,33,1,0
BRDA:315,34,0,0
BRDA:315,34,1,0
BRDA:319,35,0,0
BRDA:319,35,1,0
BRDA:328,36,0,3
BRDA:328,36,1,0
BRDA:328,37,0,3
BRDA:328,37,1,0
BRDA:328,37,2,0
BRDA:334,38,0,1
BRDA:334,38,1,1
BRDA:349,39,0,1
BRDA:349,39,1,0
BRDA:356,40,0,0
BRDA:356,40,1,0
BRDA:367,41,0,14
BRDA:367,41,1,8
BRDA:367,42,0,22
BRDA:367,42,1,15
BRDA:367,42,2,8
BRDA:367,42,3,8
BRDA:367,42,4,8
BRDA:367,42,5,8
BRDA:373,43,0,2
BRDA:373,43,1,1
BRDA:373,44,0,3
BRDA:373,44,1,1
BRDA:373,44,2,1
BRDA:379,45,0,3
BRDA:379,45,1,3
BRDA:379,45,2,1
BRDA:381,46,0,2
BRDA:381,46,1,1
BRDA:397,47,0,0
BRDA:397,47,1,1
BRDA:399,48,0,0
BRDA:399,48,1,1
BRDA:413,49,0,0
BRDA:413,49,1,1
BRDA:427,50,0,0
BRDA:427,50,1,1
BRDA:441,51,0,0
BRDA:441,51,1,1
BRDA:449,52,0,0
BRDA:449,52,1,1
BRDA:459,53,0,0
BRDA:459,53,1,1
BRDA:475,54,0,0
BRDA:475,54,1,1
BRDA:476,55,0,0
BRDA:476,55,1,1
BRDA:477,56,0,0
BRDA:477,56,1,0
BRDA:487,57,0,0
BRDA:487,57,1,0
BRDA:493,58,0,0
BRDA:493,58,1,0
BRDA:497,59,0,2
BRDA:497,59,1,2
BRDA:497,60,0,4
BRDA:497,60,1,3
BRDA:510,61,0,1
BRDA:510,61,1,1
BRDA:527,62,0,1
BRDA:527,62,1,0
BRDA:533,63,0,0
BRDA:533,63,1,0
BRDA:535,64,0,0
BRDA:535,64,1,0
BRDA:537,65,0,0
BRDA:537,65,1,0
BRF:140
BRH:54
end_of_record
TN:
SF:/Users/ssimonia/git/dash.js/src/streaming/constants/Constants.js
FN:44,(anonymous_1)
FN:44,defineProperties
FN:44,(anonymous_3)
FN:48,_classCallCheck
FN:50,(anonymous_5)
FN:53,init
FN:84,Constants
FNF:7
FNH:7
FNDA:1,(anonymous_1)
FNDA:1,defineProperties
FNDA:1,(anonymous_3)
FNDA:1,_classCallCheck
FNDA:1,(anonymous_5)
FNDA:1,init
FNDA:1,Constants
DA:39,1
DA:44,1
DA:48,1
DA:50,1
DA:51,1
DA:54,1
DA:55,1
DA:56,1
DA:57,1
DA:58,1
DA:59,1
DA:60,1
DA:61,1
DA:62,1
DA:63,1
DA:64,1
DA:65,1
DA:66,1
DA:67,1
DA:68,1
DA:69,1
DA:70,1
DA:71,1
DA:72,1
DA:73,1
DA:74,1
DA:75,1
DA:76,1
DA:77,1
DA:78,1
DA:79,1
DA:80,1
DA:84,1
DA:85,1
DA:87,1
DA:90,1
DA:93,1
DA:94,1
DA:95,1
LF:39
LH:39
BRDA:44,1,0,1
BRDA:44,1,1,1
BRDA:44,2,0,1
BRDA:44,2,1,0
BRDA:44,3,0,1
BRDA:44,3,1,0
BRDA:44,4,0,0
BRDA:44,4,1,1
BRDA:48,5,0,0
BRDA:48,5,1,1
BRF:10
BRH:10
end_of_record
TN:
SF:/Users/ssimonia/git/dash.js/src/streaming/vo/RepresentationInfo.js
FN:42,_classCallCheck
FN:44,RepresentationInfo
FNF:2
FNH:1
FNDA:0,_classCallCheck
FNDA:0,RepresentationInfo
DA:37,1
DA:42,1
DA:44,1
DA:45,0
DA:47,0
DA:48,0
DA:49,0
DA:50,0
DA:51,0
DA:52,0
DA:55,1
DA:56,1
LF:12
LH:5
BRDA:42,1,0,0
BRDA:42,1,1,0
BRF:2
BRH:2
end_of_record
TN:
SF:/Users/ssimonia/git/dash.js/src/streaming/vo/MediaInfo.js
FN:42,_classCallCheck
FN:44,MediaInfo
FNF:2
FNH:2
FNDA:1,_classCallCheck
FNDA:1,MediaInfo
DA:37,1
DA:42,1
DA:44,1
DA:45,1
DA:47,1
DA:48,1
DA:49,1
DA:50,1
DA:51,1
DA:52,1
DA:53,1
DA:54,1
DA:55,1
DA:56,1
DA:57,1
DA:58,1
DA:59,1
DA:60,1
DA:61,1
DA:62,1
DA:65,1
DA:66,1
LF:22
LH:22
BRDA:42,1,0,0
BRDA:42,1,1,1
BRF:2
BRH:2
end_of_record
TN:
SF:/Users/ssimonia/git/dash.js/src/streaming/vo/StreamInfo.js
FN:42,_classCallCheck
FN:44,StreamInfo
FNF:2
FNH:2
FNDA:1,_classCallCheck
FNDA:1,StreamInfo
DA:37,1
DA:42,1
DA:44,1
DA:45,1
DA:47,1
DA:48,1
DA:49,1
DA:50,1
DA:51,1
DA:52,1
DA:55,1
DA:56,1
LF:12
LH:12
BRDA:42,1,0,0
BRDA:42,1,1,1
BRF:2
BRH:2
end_of_record
TN:
SF:/Users/ssimonia/git/dash.js/src/streaming/vo/ManifestInfo.js
FN:42,_classCallCheck
FN:44,ManifestInfo
FNF:2
FNH:1
FNDA:0,_classCallCheck
FNDA:0,ManifestInfo
DA:37,1
DA:42,1
DA:44,1
DA:45,0
DA:47,0
DA:48,0
DA:49,0
DA:50,0
DA:51,0
DA:52,0
DA:53,0
DA:56,1
DA:57,1
LF:13
LH:5
BRDA:42,1,0,0
BRDA:42,1,1,0
BRF:2
BRH:2
end_of_record
TN:
SF:/Users/ssimonia/git/dash.js/src/dash/vo/Event.js
FN:42,_classCallCheck
FN:44,Event
FNF:2
FNH:2
FNDA:2,_classCallCheck
FNDA:2,Event
DA:37,1
DA:42,2
DA:44,1
DA:45,2
DA:47,2
DA:48,2
DA:49,2
DA:50,2
DA:51,2
DA:52,2
DA:55,1
DA:56,1
LF:12
LH:12
BRDA:42,1,0,0
BRDA:42,1,1,2
BRF:2
BRH:2
end_of_record
TN:
SF:/Users/ssimonia/git/dash.js/src/streaming/StreamProcessor.js
FN:38,_interopRequireDefault
FN:72,StreamProcessor
FN:106,setup
FN:116,initialize
FN:168,registerExternalController
FN:172,unregisterExternalController
FN:180,getExternalControllers
FN:184,unregisterAllExternalController
FN:188,resetInitialSettings
FN:194,reset
FN:216,(anonymous_11)
FN:229,isUpdating
FN:233,getType
FN:237,getRepresentationController
FN:241,getIndexHandler
FN:245,getFragmentController
FN:249,getBuffer
FN:253,setBuffer
FN:257,getBufferController
FN:261,getFragmentModel
FN:265,getLiveEdgeFinder
FN:269,getStreamInfo
FN:273,getEventController
FN:277,updateMediaInfo
FN:287,getMediaInfoArr
FN:291,getMediaInfo
FN:295,getMediaSource
FN:299,setMediaSource
FN:303,dischargePreBuffer
FN:307,getScheduleController
FN:311,getCurrentRepresentationInfo
FN:315,getRepresentationInfoForQuality
FN:319,isBufferingCompleted
FN:327,getBufferLevel
FN:331,switchInitData
FN:337,createBuffer
FN:341,switchTrackAsked
FN:345,createBufferControllerForType
FNF:38
FNH:10
FNDA:8,_interopRequireDefault
FNDA:1,StreamProcessor
FNDA:1,setup
FNDA:0,initialize
FNDA:0,registerExternalController
FNDA:0,unregisterExternalController
FNDA:0,getExternalControllers
FNDA:1,unregisterAllExternalController
FNDA:1,resetInitialSettings
FNDA:0,reset
FNDA:0,(anonymous_11)
FNDA:0,isUpdating
FNDA:1,getType
FNDA:4,getRepresentationController
FNDA:6,getIndexHandler
FNDA:0,getFragmentController
FNDA:0,getBuffer
FNDA:0,setBuffer
FNDA:0,getBufferController
FNDA:0,getFragmentModel
FNDA:0,getLiveEdgeFinder
FNDA:1,getStreamInfo
FNDA:0,getEventController
FNDA:0,updateMediaInfo
FNDA:0,getMediaInfoArr
FNDA:1,getMediaInfo
FNDA:0,getMediaSource
FNDA:0,setMediaSource
FNDA:0,dischargePreBuffer
FNDA:0,getScheduleController
FNDA:0,getCurrentRepresentationInfo
FNDA:0,getRepresentationInfoForQuality
FNDA:0,isBufferingCompleted
FNDA:0,getBufferLevel
FNDA:0,switchInitData
FNDA:0,createBuffer
FNDA:0,switchTrackAsked
FNDA:0,createBufferControllerForType
DA:33,1
DA:38,8
DA:40,1
DA:42,1
DA:44,1
DA:46,1
DA:48,1
DA:50,1
DA:52,1
DA:54,1
DA:56,1
DA:58,1
DA:60,1
DA:62,1
DA:64,1
DA:66,1
DA:68,1
DA:70,1
DA:72,1
DA:74,1
DA:75,1
DA:77,1
DA:78,1
DA:79,1
DA:80,1
DA:81,1
DA:82,1
DA:83,1
DA:84,1
DA:85,1
DA:86,1
DA:87,1
DA:88,1
DA:89,1
DA:90,1
DA:91,1
DA:92,1
DA:93,1
DA:94,1
DA:96,1
DA:106,1
DA:107,1
DA:108,0
DA:113,1
DA:116,1
DA:118,0
DA:129,0
DA:130,0
DA:132,0
DA:133,0
DA:135,0
DA:136,0
DA:151,0
DA:152,0
DA:163,0
DA:164,0
DA:165,0
DA:168,1
DA:169,0
DA:172,1
DA:173,0
DA:175,0
DA:176,0
DA:180,1
DA:181,0
DA:184,1
DA:185,1
DA:188,1
DA:189,1
DA:190,1
DA:191,1
DA:194,1
DA:196,0
DA:198,0
DA:199,0
DA:200,0
DA:203,0
DA:204,0
DA:205,0
DA:208,0
DA:209,0
DA:210,0
DA:213,0
DA:214,0
DA:216,0
DA:217,0
DA:220,0
DA:221,0
DA:222,0
DA:223,0
DA:224,0
DA:225,0
DA:229,1
DA:230,0
DA:233,1
DA:234,1
DA:237,1
DA:238,4
DA:241,1
DA:242,6
DA:245,1
DA:246,0
DA:249,1
DA:250,0
DA:253,1
DA:254,0
DA:257,1
DA:258,0
DA:261,1
DA:262,0
DA:265,1
DA:266,0
DA:269,1
DA:270,1
DA:273,1
DA:274,0
DA:277,1
DA:278,0
DA:279,0
DA:281,0
DA:282,0
DA:284,0
DA:287,1
DA:288,0
DA:291,1
DA:292,1
DA:295,1
DA:296,0
DA:299,1
DA:300,0
DA:303,1
DA:304,0
DA:307,1
DA:308,0
DA:311,1
DA:312,0
DA:315,1
DA:316,0
DA:319,1
DA:320,0
DA:321,0
DA:324,0
DA:327,1
DA:328,0
DA:331,1
DA:332,0
DA:333,0
DA:337,1
DA:338,0
DA:341,1
DA:342,0
DA:345,1
DA:346,0
DA:348,0
DA:349,0
DA:364,0
DA:380,0
DA:383,1
DA:418,1
DA:419,1
DA:421,1
DA:422,1
DA:423,1
LF:163
LH:92
BRDA:38,1,0,0
BRDA:38,1,1,8
BRDA:38,2,0,8
BRDA:38,2,1,8
BRDA:74,3,0,1
BRDA:74,3,1,0
BRDA:107,4,0,0
BRDA:107,4,1,1
BRDA:107,5,0,1
BRDA:107,5,1,0
BRDA:175,6,0,0
BRDA:175,6,1,0
BRDA:198,7,0,0
BRDA:198,7,1,0
BRDA:203,8,0,0
BRDA:203,8,1,0
BRDA:208,9,0,0
BRDA:208,9,1,0
BRDA:213,10,0,0
BRDA:213,10,1,0
BRDA:223,11,0,0
BRDA:223,11,1,0
BRDA:230,12,0,0
BRDA:230,12,1,0
BRDA:246,13,0,0
BRDA:246,13,1,0
BRDA:270,14,0,0
BRDA:270,14,1,1
BRDA:274,15,0,0
BRDA:274,15,1,0
BRDA:278,16,0,0
BRDA:278,16,1,0
BRDA:278,17,0,0
BRDA:278,17,1,0
BRDA:278,17,2,0
BRDA:278,17,3,0
BRDA:281,18,0,0
BRDA:281,18,1,0
BRDA:320,19,0,0
BRDA:320,19,1,0
BRDA:332,20,0,0
BRDA:332,20,1,0
BRDA:338,21,0,0
BRDA:338,21,1,0
BRDA:348,22,0,0
BRDA:348,22,1,0
BRDA:348,23,0,0
BRDA:348,23,1,0
BRF:48
BRH:8
end_of_record
TN:
SF:/Users/ssimonia/git/dash.js/src/streaming/utils/LiveEdgeFinder.js
FN:38,_interopRequireDefault
FN:49,LiveEdgeFinder
FN:56,checkConfig
FN:62,getLiveEdge
FN:73,reset
FNF:5
FNH:4
FNDA:1,_interopRequireDefault
FNDA:2,LiveEdgeFinder
FNDA:2,checkConfig
FNDA:2,getLiveEdge
FNDA:0,reset
DA:33,1
DA:38,1
DA:40,1
DA:42,1
DA:49,1
DA:51,2
DA:52,2
DA:53,2
DA:54,2
DA:56,1
DA:57,2
DA:58,2
DA:62,1
DA:63,2
DA:64,0
DA:65,0
DA:66,0
DA:67,0
DA:68,0
DA:70,0
DA:73,1
DA:74,0
DA:75,0
DA:78,2
DA:83,2
DA:86,1
DA:87,1
DA:88,1
LF:28
LH:20
BRDA:38,1,0,0
BRDA:38,1,1,1
BRDA:38,2,0,1
BRDA:38,2,1,1
BRDA:51,3,0,2
BRDA:51,3,1,1
BRDA:57,4,0,2
BRDA:57,4,1,0
BRDA:57,5,0,2
BRDA:57,5,1,0
BRDA:57,5,2,0
BRDA:57,5,3,0
BRDA:66,6,0,0
BRDA:66,6,1,0
BRF:14
BRH:8
end_of_record
TN:
SF:/Users/ssimonia/git/dash.js/src/streaming/controllers/BufferController.js
FN:38,_interopRequireDefault
FN:99,BufferController
FN:140,setup
FN:148,getBufferControllerType
FN:152,initialize
FN:171,createBuffer
FN:190,dischargePreBuffer
FN:223,isActive
FN:227,onInitFragmentLoaded
FN:235,switchInitData
FN:246,onMediaFragmentLoaded
FN:283,appendToBuffer
FN:307,onAppended
FN:369,onQualityChanged
FN:379,onPlaybackSeeking
FN:398,pruneAllSafely
FN:407,getAllRangesWithSafetyFactor
FN:471,getWorkingTime
FN:485,onPlaybackProgression
FN:492,getRangeAt
FN:541,getBufferLength
FN:556,updateBufferLevel
FN:564,addBufferMetrics
FN:570,checkIfBufferingCompleted
FN:579,checkIfSufficientBuffer
FN:598,notifyBufferStateChanged
FN:608,handleInbandEvents
FN:634,pruneBuffer
FN:642,getClearRanges
FN:697,clearBuffers
FN:708,clearNextRange
FN:744,onRemoved
FN:778,updateBufferTimestampOffset
FN:787,onDataUpdateCompleted
FN:792,onStreamCompleted
FN:798,onCurrentTrackChanged
FN:811,onWallclockTimeUpdated
FN:820,onPlaybackRateChanged
FN:824,getType
FN:828,getStreamProcessor
FN:832,setSeekStartTime
FN:836,getBuffer
FN:840,getBufferLevel
FN:844,setMediaSource
FN:855,getMediaSource
FN:859,getIsBufferingCompleted
FN:863,getIsPruningInProgress
FN:867,getTotalBufferedTime
FN:882,hasEnoughSpaceToAppend
FN:887,resetInitialSettings
FN:913,reset
FNF:51
FNH:32
FNDA:12,_interopRequireDefault
FNDA:24,BufferController
FNDA:24,setup
FNDA:1,getBufferControllerType
FNDA:21,initialize
FNDA:20,createBuffer
FNDA:0,dischargePreBuffer
FNDA:1,isActive
FNDA:3,onInitFragmentLoaded
FNDA:2,switchInitData
FNDA:3,onMediaFragmentLoaded
FNDA:5,appendToBuffer
FNDA:0,onAppended
FNDA:4,onQualityChanged
FNDA:1,onPlaybackSeeking
FNDA:1,pruneAllSafely
FNDA:1,getAllRangesWithSafetyFactor
FNDA:1,getWorkingTime
FNDA:1,onPlaybackProgression
FNDA:5,getRangeAt
FNDA:1,getBufferLength
FNDA:1,updateBufferLevel
FNDA:1,addBufferMetrics
FNDA:0,checkIfBufferingCompleted
FNDA:1,checkIfSufficientBuffer
FNDA:1,notifyBufferStateChanged
FNDA:0,handleInbandEvents
FNDA:0,pruneBuffer
FNDA:0,getClearRanges
FNDA:1,clearBuffers
FNDA:0,clearNextRange
FNDA:0,onRemoved
FNDA:21,updateBufferTimestampOffset
FNDA:0,onDataUpdateCompleted
FNDA:0,onStreamCompleted
FNDA:0,onCurrentTrackChanged
FNDA:0,onWallclockTimeUpdated
FNDA:0,onPlaybackRateChanged
FNDA:1,getType
FNDA:1,getStreamProcessor
FNDA:0,setSeekStartTime
FNDA:7,getBuffer
FNDA:0,getBufferLevel
FNDA:22,setMediaSource
FNDA:1,getMediaSource
FNDA:0,getIsBufferingCompleted
FNDA:0,getIsPruningInProgress
FNDA:0,getTotalBufferedTime
FNDA:0,hasEnoughSpaceToAppend
FNDA:48,resetInitialSettings
FNDA:24,reset
DA:33,1
DA:38,12
DA:40,1
DA:42,1
DA:44,1
DA:46,1
DA:48,1
DA:50,1
DA:52,1
DA:54,1
DA:56,1
DA:58,1
DA:60,1
DA:62,1
DA:64,1
DA:66,1
DA:68,1
DA:70,1
DA:72,1
DA:74,1
DA:76,1
DA:78,1
DA:80,1
DA:82,1
DA:84,1
DA:86,1
DA:88,1
DA:90,1
DA:91,1
DA:92,1
DA:93,1
DA:94,1
DA:95,1
DA:97,1
DA:99,1
DA:101,24
DA:102,24
DA:103,24
DA:104,24
DA:105,24
DA:106,24
DA:107,24
DA:108,24
DA:109,24
DA:110,24
DA:111,24
DA:112,24
DA:113,24
DA:114,24
DA:116,24
DA:140,1
DA:141,24
DA:142,24
DA:143,24
DA:145,24
DA:148,1
DA:149,1
DA:152,1
DA:153,21
DA:155,21
DA:157,21
DA:158,21
DA:159,21
DA:160,21
DA:161,21
DA:162,21
DA:163,21
DA:164,21
DA:165,21
DA:166,21
DA:167,21
DA:168,21
DA:171,1
DA:172,20
DA:174,20
DA:175,19
DA:176,19
DA:177,19
DA:178,0
DA:181,0
DA:182,0
DA:185,1
DA:187,20
DA:190,1
DA:191,0
DA:192,0
DA:194,0
DA:195,0
DA:196,0
DA:197,0
DA:199,0
DA:201,0
DA:204,0
DA:205,0
DA:206,0
DA:207,0
DA:208,0
DA:209,0
DA:210,0
DA:211,0
DA:212,0
DA:214,0
DA:218,0
DA:219,0
DA:223,1
DA:224,1
DA:227,1
DA:228,3
DA:229,2
DA:230,2
DA:231,2
DA:232,2
DA:235,1
DA:236,2
DA:237,2
DA:238,2
DA:239,1
DA:240,1
DA:242,1
DA:246,1
DA:247,3
DA:249,2
DA:250,2
DA:251,2
DA:252,2
DA:253,2
DA:254,2
DA:256,2
DA:257,0
DA:263,0
DA:264,0
DA:267,2
DA:268,0
DA:269,0
DA:270,0
DA:271,0
DA:272,0
DA:279,2
DA:283,1
DA:284,5
DA:285,5
DA:286,5
DA:287,5
DA:289,5
DA:290,4
DA:293,0
DA:307,1
DA:308,0
DA:309,0
DA:310,0
DA:311,0
DA:313,0
DA:315,0
DA:316,0
DA:317,0
DA:318,0
DA:321,0
DA:322,0
DA:323,0
DA:324,0
DA:326,0
DA:329,0
DA:330,0
DA:331,0
DA:332,0
DA:335,0
DA:336,0
DA:338,0
DA:340,0
DA:341,0
DA:342,0
DA:343,0
DA:344,0
DA:348,0
DA:355,0
DA:356,0
DA:357,0
DA:358,0
DA:361,0
DA:362,0
DA:364,0
DA:365,0
DA:369,1
DA:370,4
DA:372,1
DA:373,1
DA:379,1
DA:380,1
DA:381,0
DA:382,0
DA:384,0
DA:386,1
DA:387,1
DA:388,1
DA:390,1
DA:392,0
DA:394,1
DA:398,1
DA:399,1
DA:400,1
DA:401,1
DA:403,1
DA:407,1
DA:408,1
DA:409,1
DA:410,1
DA:411,1
DA:414,0
DA:415,0
DA:417,0
DA:424,0
DA:425,0
DA:426,0
DA:433,0
DA:437,0
DA:442,0
DA:443,0
DA:445,0
DA:446,0
DA:451,0
DA:455,0
DA:460,0
DA:461,0
DA:463,0
DA:464,0
DA:468,0
DA:471,1
DA:473,1
DA:475,1
DA:477,0
DA:478,0
DA:479,0
DA:482,1
DA:485,1
DA:486,1
DA:487,1
DA:488,1
DA:492,1
DA:493,5
DA:494,5
DA:495,5
DA:496,5
DA:497,5
DA:498,5
DA:499,5
DA:502,5
DA:504,5
DA:505,5
DA:506,15
DA:507,15
DA:508,15
DA:509,14
DA:510,14
DA:512,2
DA:513,2
DA:514,12
DA:516,1
DA:517,1
DA:520,1
DA:521,1
DA:523,1
DA:525,0
DA:530,5
DA:531,3
DA:538,2
DA:541,1
DA:542,1
DA:545,1
DA:547,1
DA:548,1
DA:550,0
DA:553,1
DA:556,1
DA:557,1
DA:558,1
DA:559,1
DA:560,1
DA:564,1
DA:565,1
DA:566,0
DA:567,0
DA:570,1
DA:571,0
DA:572,0
DA:573,0
DA:574,0
DA:575,0
DA:579,1
DA:581,1
DA:583,1
DA:584,0
DA:585,0
DA:586,0
DA:587,0
DA:589,1
DA:590,1
DA:592,0
DA:593,0
DA:598,1
DA:599,1
DA:600,0
DA:601,0
DA:603,0
DA:604,0
DA:605,0
DA:608,1
DA:609,0
DA:610,0
DA:611,0
DA:614,0
DA:615,0
DA:616,0
DA:619,0
DA:620,0
DA:622,0
DA:623,0
DA:625,0
DA:626,0
DA:630,0
DA:634,1
DA:635,0
DA:636,0
DA:637,0
DA:638,0
DA:642,1
DA:643,0
DA:644,0
DA:645,0
DA:646,0
DA:649,0
DA:650,0
DA:655,0
DA:662,0
DA:663,0
DA:664,0
DA:665,0
DA:667,0
DA:670,0
DA:671,0
DA:675,0
DA:676,0
DA:678,0
DA:679,0
DA:683,0
DA:684,0
DA:689,0
DA:690,0
DA:694,0
DA:697,1
DA:698,1
DA:700,0
DA:701,0
DA:702,0
DA:705,0
DA:708,1
DA:710,0
DA:711,0
DA:712,0
DA:713,0
DA:714,0
DA:717,0
DA:719,0
DA:720,0
DA:721,0
DA:722,0
DA:723,0
DA:726,0
DA:727,0
DA:728,0
DA:731,0
DA:732,0
DA:733,0
DA:734,0
DA:735,0
DA:736,0
DA:737,0
DA:741,0
DA:744,1
DA:745,0
DA:747,0
DA:752,0
DA:753,0
DA:756,0
DA:757,0
DA:758,0
DA:761,0
DA:762,0
DA:764,0
DA:765,0
DA:766,0
DA:768,0
DA:769,0
DA:770,0
DA:773,0
DA:778,1
DA:781,21
DA:782,21
DA:783,1
DA:787,1
DA:788,0
DA:789,0
DA:792,1
DA:793,0
DA:794,0
DA:795,0
DA:798,1
DA:799,0
DA:800,0
DA:802,0
DA:803,0
DA:804,0
DA:805,0
DA:806,0
DA:811,1
DA:812,0
DA:813,0
DA:814,0
DA:815,0
DA:816,0
DA:820,1
DA:821,0
DA:824,1
DA:825,1
DA:828,1
DA:829,1
DA:832,1
DA:833,0
DA:836,1
DA:837,7
DA:840,1
DA:841,0
DA:844,1
DA:845,22
DA:846,22
DA:848,0
DA:849,0
DA:850,0
DA:855,1
DA:856,1
DA:859,1
DA:860,0
DA:863,1
DA:864,0
DA:867,1
DA:868,0
DA:869,0
DA:870,0
DA:873,0
DA:875,0
DA:876,0
DA:879,0
DA:882,1
DA:883,0
DA:884,0
DA:887,1
DA:888,48
DA:889,48
DA:890,48
DA:891,48
DA:892,48
DA:893,48
DA:894,48
DA:895,48
DA:896,48
DA:897,48
DA:898,48
DA:899,48
DA:900,48
DA:902,48
DA:903,20
DA:904,20
DA:906,20
DA:907,20
DA:910,48
DA:913,1
DA:914,24
DA:915,24
DA:916,24
DA:917,24
DA:918,24
DA:919,24
DA:920,24
DA:921,24
DA:922,24
DA:923,24
DA:924,24
DA:925,24
DA:927,24
DA:930,24
DA:949,24
DA:950,24
DA:953,1
DA:954,1
DA:955,1
DA:956,1
DA:957,1
DA:958,1
DA:959,1
LF:498
LH:269
BRDA:38,1,0,0
BRDA:38,1,1,12
BRDA:38,2,0,12
BRDA:38,2,1,12
BRDA:101,3,0,24
BRDA:101,3,1,0
BRDA:172,4,0,0
BRDA:172,4,1,20
BRDA:172,5,0,20
BRDA:172,5,1,20
BRDA:172,5,2,20
BRDA:174,6,0,19
BRDA:174,6,1,1
BRDA:177,7,0,0
BRDA:177,7,1,19
BRDA:191,8,0,0
BRDA:191,8,1,0
BRDA:191,9,0,0
BRDA:191,9,1,0
BRDA:191,9,2,0
BRDA:194,10,0,0
BRDA:194,10,1,0
BRDA:209,11,0,0
BRDA:209,11,1,0
BRDA:210,12,0,0
BRDA:210,12,1,0
BRDA:224,13,0,1
BRDA:224,13,1,0
BRDA:224,14,0,1
BRDA:224,14,1,1
BRDA:228,15,0,1
BRDA:228,15,1,2
BRDA:237,16,0,0
BRDA:237,16,1,2
BRDA:238,17,0,1
BRDA:238,17,1,1
BRDA:247,18,0,1
BRDA:247,18,1,2
BRDA:256,19,0,0
BRDA:256,19,1,2
BRDA:256,20,0,2
BRDA:256,20,1,0
BRDA:256,20,2,2
BRDA:256,20,3,0
BRDA:267,21,0,0
BRDA:267,21,1,2
BRDA:269,22,0,0
BRDA:269,22,1,0
BRDA:270,23,0,0
BRDA:270,23,1,0
BRDA:270,24,0,0
BRDA:270,24,1,0
BRDA:270,24,2,0
BRDA:284,25,0,5
BRDA:284,25,1,0
BRDA:284,26,0,5
BRDA:284,26,1,0
BRDA:289,27,0,4
BRDA:289,27,1,1
BRDA:308,28,0,0
BRDA:308,28,1,0
BRDA:309,29,0,0
BRDA:309,29,1,0
BRDA:313,30,0,0
BRDA:313,30,1,0
BRDA:321,31,0,0
BRDA:321,31,1,0
BRDA:321,32,0,0
BRDA:321,32,1,0
BRDA:330,33,0,0
BRDA:330,33,1,0
BRDA:330,34,0,0
BRDA:330,34,1,0
BRDA:336,35,0,0
BRDA:336,35,1,0
BRDA:340,36,0,0
BRDA:340,36,1,0
BRDA:355,37,0,0
BRDA:355,37,1,0
BRDA:355,38,0,0
BRDA:355,38,1,0
BRDA:357,39,0,0
BRDA:357,39,1,0
BRDA:361,40,0,0
BRDA:361,40,1,0
BRDA:370,41,0,3
BRDA:370,41,1,1
BRDA:370,42,0,4
BRDA:370,42,1,3
BRDA:370,42,2,2
BRDA:380,43,0,0
BRDA:380,43,1,1
BRDA:388,44,0,1
BRDA:388,44,1,0
BRDA:400,45,0,1
BRDA:400,45,1,0
BRDA:400,46,0,1
BRDA:400,46,1,1
BRDA:410,47,0,1
BRDA:410,47,1,0
BRDA:410,48,0,1
BRDA:410,48,1,1
BRDA:424,49,0,0
BRDA:424,49,1,0
BRDA:442,50,0,0
BRDA:442,50,1,0
BRDA:442,51,0,0
BRDA:442,51,1,0
BRDA:445,52,0,0
BRDA:445,52,1,0
BRDA:445,53,0,0
BRDA:445,53,1,0
BRDA:460,54,0,0
BRDA:460,54,1,0
BRDA:460,55,0,0
BRDA:460,55,1,0
BRDA:463,56,0,0
BRDA:463,56,1,0
BRDA:463,57,0,0
BRDA:463,57,1,0
BRDA:475,58,0,0
BRDA:475,58,1,1
BRDA:478,59,0,0
BRDA:478,59,1,0
BRDA:478,60,0,0
BRDA:478,60,1,0
BRDA:486,61,0,1
BRDA:486,61,1,0
BRDA:502,62,0,5
BRDA:502,62,1,5
BRDA:504,63,0,5
BRDA:504,63,1,0
BRDA:504,64,0,5
BRDA:504,64,1,5
BRDA:508,65,0,14
BRDA:508,65,1,1
BRDA:510,66,0,2
BRDA:510,66,1,12
BRDA:510,67,0,14
BRDA:510,67,1,12
BRDA:514,68,0,1
BRDA:514,68,1,11
BRDA:521,69,0,1
BRDA:521,69,1,0
BRDA:530,70,0,3
BRDA:530,70,1,2
BRDA:547,71,0,1
BRDA:547,71,1,0
BRDA:557,72,0,1
BRDA:557,72,1,0
BRDA:558,73,0,1
BRDA:558,73,1,1
BRDA:565,74,0,1
BRDA:565,74,1,0
BRDA:572,75,0,0
BRDA:572,75,1,0
BRDA:572,76,0,0
BRDA:572,76,1,0
BRDA:572,76,2,0
BRDA:581,77,0,0
BRDA:581,77,1,1
BRDA:581,78,0,1
BRDA:581,78,1,1
BRDA:583,79,0,0
BRDA:583,79,1,1
BRDA:583,80,0,1
BRDA:583,80,1,0
BRDA:583,80,2,0
BRDA:583,80,3,0
BRDA:589,81,0,1
BRDA:589,81,1,0
BRDA:589,82,0,1
BRDA:589,82,1,1
BRDA:592,83,0,0
BRDA:592,83,1,0
BRDA:592,84,0,0
BRDA:592,84,1,0
BRDA:599,85,0,1
BRDA:599,85,1,0
BRDA:599,86,0,1
BRDA:599,86,1,0
BRDA:599,86,2,0
BRDA:604,87,0,0
BRDA:604,87,1,0
BRDA:605,88,0,0
BRDA:605,88,1,0
BRDA:609,89,0,0
BRDA:609,89,1,0
BRDA:609,90,0,0
BRDA:609,90,1,0
BRDA:625,91,0,0
BRDA:625,91,1,0
BRDA:635,92,0,0
BRDA:635,92,1,0
BRDA:636,93,0,0
BRDA:636,93,1,0
BRDA:637,94,0,0
BRDA:637,94,1,0
BRDA:645,95,0,0
BRDA:645,95,1,0
BRDA:645,96,0,0
BRDA:645,96,1,0
BRDA:662,97,0,0
BRDA:662,97,1,0
BRDA:665,98,0,0
BRDA:665,98,1,0
BRDA:665,99,0,0
BRDA:665,99,1,0
BRDA:670,100,0,0
BRDA:670,100,1,0
BRDA:675,101,0,0
BRDA:675,101,1,0
BRDA:678,102,0,0
BRDA:678,102,1,0
BRDA:683,103,0,0
BRDA:683,103,1,0
BRDA:689,104,0,0
BRDA:689,104,1,0
BRDA:698,105,0,1
BRDA:698,105,1,0
BRDA:698,106,0,1
BRDA:698,106,1,1
BRDA:698,106,2,1
BRDA:701,107,0,0
BRDA:701,107,1,0
BRDA:710,108,0,0
BRDA:710,108,1,0
BRDA:710,109,0,0
BRDA:710,109,1,0
BRDA:719,110,0,0
BRDA:719,110,1,0
BRDA:719,111,0,0
BRDA:719,111,1,0
BRDA:719,111,2,0
BRDA:732,112,0,0
BRDA:732,112,1,0
BRDA:735,113,0,0
BRDA:735,113,1,0
BRDA:745,114,0,0
BRDA:745,114,1,0
BRDA:752,115,0,0
BRDA:752,115,1,0
BRDA:756,116,0,0
BRDA:756,116,1,0
BRDA:761,117,0,0
BRDA:761,117,1,0
BRDA:764,118,0,0
BRDA:764,118,1,0
BRDA:769,119,0,0
BRDA:769,119,1,0
BRDA:781,120,0,20
BRDA:781,120,1,1
BRDA:781,121,0,21
BRDA:781,121,1,21
BRDA:782,122,0,1
BRDA:782,122,1,20
BRDA:782,123,0,21
BRDA:782,123,1,20
BRDA:782,123,2,1
BRDA:788,124,0,0
BRDA:788,124,1,0
BRDA:788,125,0,0
BRDA:788,125,1,0
BRDA:793,126,0,0
BRDA:793,126,1,0
BRDA:799,127,0,0
BRDA:799,127,1,0
BRDA:800,128,0,0
BRDA:800,128,1,0
BRDA:800,129,0,0
BRDA:800,129,1,0
BRDA:800,129,2,0
BRDA:803,130,0,0
BRDA:803,130,1,0
BRDA:804,131,0,0
BRDA:804,131,1,0
BRDA:804,132,0,0
BRDA:804,132,1,0
BRDA:804,132,2,0
BRDA:814,133,0,0
BRDA:814,133,1,0
BRDA:846,134,0,0
BRDA:846,134,1,22
BRDA:846,135,0,22
BRDA:846,135,1,0
BRDA:848,136,0,0
BRDA:848,136,1,0
BRDA:873,137,0,0
BRDA:873,137,1,0
BRDA:902,138,0,20
BRDA:902,138,1,28
BRDA:903,139,0,20
BRDA:903,139,1,0
BRF:293
BRH:94
end_of_record
TN:
SF:/Users/ssimonia/git/dash.js/src/streaming/models/FragmentModel.js
FN:39,_interopRequireDefault
FN:66,FragmentModel
FN:80,setup
FN:87,setStreamProcessor
FN:91,getStreamProcessor
FN:95,isFragmentLoaded
FN:96,isEqualComplete
FN:100,isEqualMedia
FN:104,isEqualInit
FN:108,check
FN:110,(anonymous_11)
FN:126,isFragmentLoadedOrPending
FN:160,getRequests
FN:164,(anonymous_14)
FN:172,getRequestThreshold
FN:176,removeExecutedRequestsBeforeTime
FN:177,(anonymous_17)
FN:183,removeExecutedRequestsAfterTime
FN:184,(anonymous_19)
FN:189,removeExecutedRequestsInTimeRange
FN:194,(anonymous_21)
FN:201,syncExecutedRequestsWithBufferedRange
FN:217,abortRequests
FN:222,executeRequest
FN:243,loadCurrentFragment
FN:251,getRequestForTime
FN:266,filterRequests
FN:272,(anonymous_28)
FN:282,getRequestsForState
FN:297,addSchedulingInfoMetrics
FN:303,onLoadingCompleted
FN:322,onLoadingInProgress
FN:333,onLoadingAborted
FN:339,resetInitialSettings
FN:344,reset
FN:355,addExecutedRequest
FNF:36
FNH:19
FNDA:5,_interopRequireDefault
FNDA:9,FragmentModel
FNDA:9,setup
FNDA:0,setStreamProcessor
FNDA:0,getStreamProcessor
FNDA:2,isFragmentLoaded
FNDA:0,isEqualComplete
FNDA:0,isEqualMedia
FNDA:0,isEqualInit
FNDA:0,check
FNDA:0,(anonymous_11)
FNDA:0,isFragmentLoadedOrPending
FNDA:13,getRequests
FNDA:12,(anonymous_14)
FNDA:4,getRequestThreshold
FNDA:2,removeExecutedRequestsBeforeTime
FNDA:4,(anonymous_17)
FNDA:0,removeExecutedRequestsAfterTime
FNDA:0,(anonymous_19)
FNDA:0,removeExecutedRequestsInTimeRange
FNDA:0,(anonymous_21)
FNDA:1,syncExecutedRequestsWithBufferedRange
FNDA:1,abortRequests
FNDA:12,executeRequest
FNDA:6,loadCurrentFragment
FNDA:0,getRequestForTime
FNDA:12,filterRequests
FNDA:9,(anonymous_28)
FNDA:12,getRequestsForState
FNDA:12,addSchedulingInfoMetrics
FNDA:0,onLoadingCompleted
FNDA:0,onLoadingInProgress
FNDA:0,onLoadingAborted
FNDA:15,resetInitialSettings
FNDA:6,reset
FNDA:0,addExecutedRequest
DA:34,1
DA:39,5
DA:41,1
DA:43,1
DA:45,1
DA:47,1
DA:49,1
DA:51,1
DA:53,1
DA:55,1
DA:57,1
DA:59,1
DA:61,1
DA:62,1
DA:63,1
DA:64,1
DA:66,1
DA:68,9
DA:69,9
DA:70,9
DA:71,9
DA:72,9
DA:73,9
DA:75,9
DA:80,1
DA:81,9
DA:82,9
DA:83,9
DA:84,9
DA:87,1
DA:88,0
DA:91,1
DA:92,0
DA:95,1
DA:96,2
DA:97,0
DA:100,2
DA:101,0
DA:104,2
DA:105,0
DA:108,2
DA:109,0
DA:110,0
DA:111,0
DA:112,0
DA:113,0
DA:116,0
DA:119,2
DA:120,2
DA:123,0
DA:126,1
DA:127,0
DA:128,0
DA:129,0
DA:132,0
DA:135,0
DA:136,0
DA:137,0
DA:138,0
DA:139,0
DA:144,0
DA:160,1
DA:161,13
DA:163,13
DA:164,13
DA:165,12
DA:166,12
DA:169,13
DA:172,1
DA:173,4
DA:176,1
DA:177,2
DA:178,4
DA:179,4
DA:183,1
DA:184,0
DA:185,0
DA:189,1
DA:190,0
DA:191,0
DA:194,0
DA:195,0
DA:196,0
DA:201,1
DA:202,1
DA:203,1
DA:204,1
DA:207,0
DA:208,0
DA:209,0
DA:210,0
DA:212,0
DA:213,0
DA:217,1
DA:218,1
DA:219,1
DA:222,1
DA:223,12
DA:225,6
DA:226,6
DA:227,6
DA:228,6
DA:232,6
DA:234,6
DA:235,6
DA:236,6
DA:237,6
DA:239,0
DA:243,1
DA:244,6
DA:248,6
DA:251,1
DA:253,0
DA:254,0
DA:255,0
DA:256,0
DA:257,0
DA:258,0
DA:259,0
DA:260,0
DA:263,0
DA:266,1
DA:268,12
DA:269,0
DA:272,12
DA:273,9
DA:274,9
DA:275,0
DA:278,9
DA:282,1
DA:283,12
DA:284,12
DA:286,4
DA:287,4
DA:289,6
DA:290,6
DA:292,2
DA:294,12
DA:297,1
DA:298,12
DA:300,12
DA:303,1
DA:304,0
DA:306,0
DA:308,0
DA:309,0
DA:312,0
DA:314,0
DA:322,1
DA:323,0
DA:325,0
DA:333,1
DA:334,0
DA:336,0
DA:339,1
DA:340,15
DA:341,15
DA:344,1
DA:345,6
DA:346,6
DA:347,6
DA:349,6
DA:350,5
DA:352,6
DA:355,1
DA:356,0
DA:359,9
DA:374,9
DA:375,9
DA:378,1
DA:379,1
DA:380,1
DA:381,1
DA:382,1
DA:383,1
DA:384,1
DA:385,1
DA:386,1
LF:178
LH:120
BRDA:39,1,0,0
BRDA:39,1,1,5
BRDA:39,2,0,5
BRDA:39,2,1,5
BRDA:68,3,0,9
BRDA:68,3,1,0
BRDA:97,4,0,0
BRDA:97,4,1,0
BRDA:101,5,0,0
BRDA:101,5,1,0
BRDA:101,5,2,0
BRDA:101,5,3,0
BRDA:105,6,0,0
BRDA:105,6,1,0
BRDA:105,6,2,0
BRDA:111,7,0,0
BRDA:111,7,1,0
BRDA:111,8,0,0
BRDA:111,8,1,0
BRDA:111,8,2,0
BRDA:119,9,0,2
BRDA:119,9,1,0
BRDA:135,10,0,0
BRDA:135,10,1,0
BRDA:138,11,0,0
BRDA:138,11,1,0
BRDA:138,12,0,0
BRDA:138,12,1,0
BRDA:161,13,0,12
BRDA:161,13,1,1
BRDA:161,14,0,0
BRDA:161,14,1,12
BRDA:173,15,0,2
BRDA:173,15,1,2
BRDA:179,16,0,4
BRDA:179,16,1,2
BRDA:179,17,0,0
BRDA:179,17,1,2
BRDA:185,18,0,0
BRDA:185,18,1,0
BRDA:185,19,0,0
BRDA:185,19,1,0
BRDA:190,20,0,0
BRDA:190,20,1,0
BRDA:196,21,0,0
BRDA:196,21,1,0
BRDA:196,21,2,0
BRDA:196,21,3,0
BRDA:202,22,0,1
BRDA:202,22,1,0
BRDA:202,23,0,1
BRDA:202,23,1,0
BRDA:212,24,0,0
BRDA:212,24,1,0
BRDA:223,25,0,6
BRDA:223,25,1,6
BRDA:223,25,2,0
BRDA:258,26,0,0
BRDA:258,26,1,0
BRDA:259,27,0,0
BRDA:259,27,1,0
BRDA:259,28,0,0
BRDA:259,28,1,0
BRDA:259,28,2,0
BRDA:259,28,3,0
BRDA:259,28,4,0
BRDA:259,28,5,0
BRDA:268,29,0,0
BRDA:268,29,1,12
BRDA:274,30,0,9
BRDA:274,30,1,0
BRDA:275,31,0,0
BRDA:275,31,1,0
BRDA:275,32,0,0
BRDA:275,32,1,0
BRDA:284,33,0,4
BRDA:284,33,1,6
BRDA:284,33,2,2
BRDA:304,34,0,0
BRDA:304,34,1,0
BRDA:308,35,0,0
BRDA:308,35,1,0
BRDA:308,36,0,0
BRDA:308,36,1,0
BRDA:312,37,0,0
BRDA:312,37,1,0
BRDA:323,38,0,0
BRDA:323,38,1,0
BRDA:334,39,0,0
BRDA:334,39,1,0
BRDA:349,40,0,5
BRDA:349,40,1,1
BRF:92
BRH:25
end_of_record
TN:
SF:/Users/ssimonia/git/dash.js/src/core/events/Events.js
FN:42,get
FN:46,_interopRequireDefault
FN:50,_classCallCheck
FN:54,_inherits
FN:60,(anonymous_5)
FN:63,Events
FNF:6
FNH:6
FNDA:1,get
FNDA:1,_interopRequireDefault
FNDA:1,_classCallCheck
FNDA:1,_inherits
FNDA:1,(anonymous_5)
FNDA:1,Events
DA:37,1
DA:42,1
DA:46,1
DA:50,1
DA:54,1
DA:56,1
DA:58,1
DA:60,1
DA:61,1
DA:63,1
DA:64,1
DA:66,1
DA:69,1
DA:72,1
DA:73,1
DA:74,1
LF:16
LH:16
BRDA:42,1,0,0
BRDA:42,1,1,1
BRDA:42,2,0,0
BRDA:42,2,1,1
BRDA:42,3,0,0
BRDA:42,3,1,0
BRDA:42,4,0,1
BRDA:42,4,1,0
BRDA:42,5,0,0
BRDA:42,5,1,0
BRDA:46,6,0,0
BRDA:46,6,1,1
BRDA:46,7,0,1
BRDA:46,7,1,1
BRDA:50,8,0,0
BRDA:50,8,1,1
BRDA:54,9,0,0
BRDA:54,9,1,1
BRDA:54,10,0,1
BRDA:54,10,1,0
BRDA:54,11,0,1
BRDA:54,11,1,1
BRDA:54,12,0,1
BRDA:54,12,1,0
BRDA:54,13,0,1
BRDA:54,13,1,0
BRF:26
BRH:26
end_of_record
TN:
SF:/Users/ssimonia/git/dash.js/src/core/events/CoreEvents.js
FN:38,get
FN:42,_interopRequireDefault
FN:46,_classCallCheck
FN:50,_inherits
FN:64,(anonymous_5)
FN:67,CoreEvents
FNF:6
FNH:6
FNDA:1,get
FNDA:1,_interopRequireDefault
FNDA:1,_classCallCheck
FNDA:1,_inherits
FNDA:1,(anonymous_5)
FNDA:1,CoreEvents
DA:33,1
DA:38,1
DA:42,1
DA:46,1
DA:50,1
DA:52,1
DA:54,1
DA:64,1
DA:65,1
DA:67,1
DA:68,1
DA:70,1
DA:71,1
DA:72,1
DA:73,1
DA:74,1
DA:75,1
DA:76,1
DA:77,1
DA:78,1
DA:79,1
DA:80,1
DA:81,1
DA:82,1
DA:83,1
DA:84,1
DA:85,1
DA:86,1
DA:87,1
DA:88,1
DA:89,1
DA:90,1
DA:91,1
DA:92,1
DA:93,1
DA:94,1
DA:95,1
DA:96,1
DA:97,1
DA:98,1
DA:99,1
DA:100,1
DA:101,1
DA:102,1
DA:103,1
DA:104,1
DA:105,1
DA:106,1
DA:107,1
DA:110,1
DA:113,1
DA:114,1
LF:52
LH:52
BRDA:38,1,0,0
BRDA:38,1,1,1
BRDA:38,2,0,0
BRDA:38,2,1,1
BRDA:38,3,0,0
BRDA:38,3,1,0
BRDA:38,4,0,1
BRDA:38,4,1,0
BRDA:38,5,0,0
BRDA:38,5,1,0
BRDA:42,6,0,0
BRDA:42,6,1,1
BRDA:42,7,0,1
BRDA:42,7,1,1
BRDA:46,8,0,0
BRDA:46,8,1,1
BRDA:50,9,0,0
BRDA:50,9,1,1
BRDA:50,10,0,1
BRDA:50,10,1,0
BRDA:50,11,0,1
BRDA:50,11,1,1
BRDA:50,12,0,1
BRDA:50,12,1,0
BRDA:50,13,0,1
BRDA:50,13,1,0
BRF:26
BRH:26
end_of_record
TN:
SF:/Users/ssimonia/git/dash.js/src/core/events/EventsBase.js
FN:42,(anonymous_1)
FN:42,defineProperties
FN:42,(anonymous_3)
FN:46,_classCallCheck
FN:48,(anonymous_5)
FN:49,EventsBase
FN:55,extend
FNF:7
FNH:7
FNDA:1,(anonymous_1)
FNDA:1,defineProperties
FNDA:1,(anonymous_3)
FNDA:4,_classCallCheck
FNDA:1,(anonymous_5)
FNDA:4,EventsBase
FNDA:113,extend
DA:37,1
DA:42,1
DA:46,4
DA:48,1
DA:49,1
DA:50,4
DA:53,1
DA:56,113
DA:58,113
DA:59,113
DA:61,113
DA:62,4859
DA:63,43
DA:64,43
DA:69,1
DA:72,1
DA:73,1
LF:17
LH:17
BRDA:42,1,0,1
BRDA:42,1,1,1
BRDA:42,2,0,1
BRDA:42,2,1,0
BRDA:42,3,0,1
BRDA:42,3,1,0
BRDA:42,4,0,0
BRDA:42,4,1,1
BRDA:46,5,0,0
BRDA:46,5,1,4
BRDA:56,6,0,0
BRDA:56,6,1,113
BRDA:58,7,0,0
BRDA:58,7,1,113
BRDA:59,8,0,0
BRDA:59,8,1,113
BRDA:62,9,0,4816
BRDA:62,9,1,43
BRDA:62,10,0,4859
BRDA:62,10,1,4859
BRDA:62,10,2,4816
BRDA:63,11,0,0
BRDA:63,11,1,43
BRDA:63,12,0,43
BRDA:63,12,1,0
BRF:25
BRH:20
end_of_record
TN:
SF:/Users/ssimonia/git/dash.js/src/streaming/vo/FragmentRequest.js
FN:42,_classCallCheck
FN:44,FragmentRequest
FNF:2
FNH:2
FNDA:2,_classCallCheck
FNDA:2,FragmentRequest
DA:37,1
DA:42,2
DA:44,1
DA:45,2
DA:47,2
DA:48,2
DA:49,2
DA:50,2
DA:51,2
DA:52,2
DA:53,2
DA:54,2
DA:55,2
DA:56,2
DA:57,2
DA:58,2
DA:59,2
DA:60,2
DA:61,2
DA:62,2
DA:63,2
DA:64,2
DA:65,2
DA:66,2
DA:67,2
DA:68,2
DA:69,2
DA:72,1
DA:73,1
DA:75,1
DA:76,1
LF:31
LH:31
BRDA:42,1,0,0
BRDA:42,1,1,2
BRF:2
BRH:2
end_of_record
TN:
SF:/Users/ssimonia/git/dash.js/src/core/Debug.js
FN:38,_interopRequireDefault
FN:55,Debug
FN:66,setup
FN:80,setLogTimestampVisible
FN:90,setCalleeNameVisible
FN:100,setLogToBrowserConsole
FN:109,getLogToBrowserConsole
FN:118,log
FN:139,(anonymous_9)
FNF:9
FNH:7
FNDA:3,_interopRequireDefault
FNDA:143,Debug
FNDA:143,setup
FNDA:0,setLogTimestampVisible
FNDA:0,setCalleeNameVisible
FNDA:113,setLogToBrowserConsole
FNDA:1,getLogToBrowserConsole
FNDA:171,log
FNDA:197,(anonymous_9)
DA:33,1
DA:38,3
DA:40,1
DA:42,1
DA:44,1
DA:46,1
DA:48,1
DA:50,1
DA:55,1
DA:57,143
DA:58,143
DA:60,143
DA:66,1
DA:67,143
DA:68,143
DA:69,143
DA:70,143
DA:80,1
DA:81,0
DA:90,1
DA:91,0
DA:100,1
DA:101,113
DA:109,1
DA:110,1
DA:118,1
DA:120,171
DA:121,171
DA:123,171
DA:124,171
DA:125,171
DA:128,171
DA:129,0
DA:130,0
DA:131,0
DA:135,171
DA:136,171
DA:139,171
DA:140,197
DA:143,171
DA:144,33
DA:147,171
DA:150,143
DA:158,143
DA:160,143
DA:163,1
DA:164,1
DA:165,1
LF:48
LH:43
BRDA:38,1,0,0
BRDA:38,1,1,3
BRDA:38,2,0,3
BRDA:38,2,1,3
BRDA:123,3,0,171
BRDA:123,3,1,0
BRDA:128,4,0,0
BRDA:128,4,1,171
BRDA:128,5,0,171
BRDA:128,5,1,0
BRDA:128,5,2,0
BRDA:130,6,0,0
BRDA:130,6,1,0
BRDA:135,7,0,171
BRDA:135,7,1,0
BRDA:143,8,0,33
BRDA:143,8,1,138
BRF:17
BRH:10
end_of_record
TN:
SF:/Users/ssimonia/git/dash.js/src/streaming/SourceBufferSink.js
FN:38,_interopRequireDefault
FN:68,SourceBufferSink
FN:79,setup
FN:104,reset
FN:118,getBuffer
FN:122,getAllBufferRanges
FN:126,append
FN:133,remove
FN:136,(anonymous_9)
FN:142,(anonymous_10)
FN:162,appendNextInQueue
FN:170,(anonymous_12)
FN:175,afterSuccess
FN:223,checkBufferGapsAfterAppend
FN:235,isChunkAlignedWithRange
FN:246,abort
FN:260,waitForUpdateEnd
FN:264,checkIsUpdateEnded
FN:272,updateEndHandler
FNF:19
FNH:17
FNDA:6,_interopRequireDefault
FNDA:42,SourceBufferSink
FNDA:42,setup
FNDA:40,reset
FNDA:65,getBuffer
FNDA:25,getAllBufferRanges
FNDA:10,append
FNDA:1,remove
FNDA:1,(anonymous_9)
FNDA:1,(anonymous_10)
FNDA:10,appendNextInQueue
FNDA:10,(anonymous_12)
FNDA:8,afterSuccess
FNDA:8,checkBufferGapsAfterAppend
FNDA:0,isChunkAlignedWithRange
FNDA:31,abort
FNDA:22,waitForUpdateEnd
FNDA:92,checkIsUpdateEnded
FNDA:0,updateEndHandler
DA:33,1
DA:38,6
DA:40,1
DA:42,1
DA:44,1
DA:46,1
DA:48,1
DA:50,1
DA:52,1
DA:54,1
DA:56,1
DA:58,1
DA:60,1
DA:62,1
DA:68,1
DA:69,42
DA:70,42
DA:71,42
DA:73,42
DA:76,42
DA:77,42
DA:79,1
DA:80,42
DA:82,42
DA:83,42
DA:88,42
DA:89,2
DA:92,40
DA:95,6
DA:96,4
DA:97,4
DA:99,2
DA:104,1
DA:105,40
DA:106,39
DA:107,39
DA:109,0
DA:111,39
DA:112,39
DA:114,40
DA:115,40
DA:118,1
DA:119,65
DA:122,1
DA:123,25
DA:126,1
DA:127,10
DA:128,10
DA:129,10
DA:133,1
DA:134,1
DA:136,1
DA:137,1
DA:138,1
DA:139,1
DA:142,1
DA:143,1
DA:151,0
DA:162,1
DA:165,10
DA:167,10
DA:169,10
DA:170,10
DA:171,10
DA:172,10
DA:173,10
DA:174,10
DA:175,10
DA:177,8
DA:178,8
DA:179,8
DA:180,0
DA:182,8
DA:183,8
DA:184,3
DA:191,10
DA:192,10
DA:193,0
DA:195,10
DA:196,10
DA:197,10
DA:199,0
DA:202,10
DA:205,0
DA:206,0
DA:207,0
DA:209,0
DA:212,0
DA:213,0
DA:223,1
DA:224,8
DA:226,0
DA:235,1
DA:236,0
DA:237,0
DA:238,0
DA:239,0
DA:240,0
DA:243,0
DA:246,1
DA:247,31
DA:248,31
DA:249,30
DA:250,1
DA:251,0
DA:254,0
DA:257,31
DA:260,1
DA:261,22
DA:262,22
DA:264,22
DA:266,92
DA:268,9
DA:269,9
DA:272,22
DA:273,0
DA:275,0
DA:276,0
DA:279,22
DA:280,11
DA:281,11
DA:285,11
DA:286,0
DA:287,0
DA:290,0
DA:294,11
DA:298,42
DA:307,42
DA:308,40
DA:311,1
DA:312,1
DA:313,1
DA:314,1
LF:133
LH:107
BRDA:38,1,0,0
BRDA:38,1,1,6
BRDA:38,2,0,6
BRDA:38,2,1,6
BRDA:88,3,0,2
BRDA:88,3,1,40
BRDA:95,4,0,4
BRDA:95,4,1,2
BRDA:95,5,0,6
BRDA:95,5,1,4
BRDA:95,5,2,3
BRDA:105,6,0,39
BRDA:105,6,1,1
BRDA:123,7,0,20
BRDA:123,7,1,5
BRDA:128,8,0,10
BRDA:128,8,1,0
BRDA:138,9,0,1
BRDA:138,9,1,0
BRDA:138,10,0,1
BRDA:138,10,1,1
BRDA:138,10,2,1
BRDA:138,10,3,1
BRDA:169,11,0,10
BRDA:169,11,1,0
BRDA:179,12,0,0
BRDA:179,12,1,8
BRDA:183,13,0,3
BRDA:183,13,1,5
BRDA:192,14,0,0
BRDA:192,14,1,10
BRDA:196,15,0,10
BRDA:196,15,1,0
BRDA:206,16,0,0
BRDA:206,16,1,0
BRDA:212,17,0,0
BRDA:212,17,1,0
BRDA:224,18,0,0
BRDA:224,18,1,8
BRDA:224,19,0,8
BRDA:224,19,1,7
BRDA:224,19,2,0
BRDA:224,19,3,0
BRDA:239,20,0,0
BRDA:239,20,1,0
BRDA:239,21,0,0
BRDA:239,21,1,0
BRDA:239,21,2,0
BRDA:239,21,3,0
BRDA:248,22,0,30
BRDA:248,22,1,1
BRDA:250,23,0,0
BRDA:250,23,1,1
BRDA:250,24,0,1
BRDA:250,24,1,0
BRDA:266,25,0,83
BRDA:266,25,1,9
BRDA:273,26,0,0
BRDA:273,26,1,0
BRDA:279,27,0,11
BRDA:279,27,1,11
BRDA:285,28,0,0
BRDA:285,28,1,11
BRF:63
BRH:39
end_of_record
TN:
SF:/Users/ssimonia/git/dash.js/src/streaming/vo/DashJSError.js
FN:42,_classCallCheck
FN:44,DashJSError
FNF:2
FNH:2
FNDA:1,_classCallCheck
FNDA:1,DashJSError
DA:37,1
DA:42,1
DA:44,1
DA:45,1
DA:47,1
DA:48,1
DA:49,1
DA:52,1
DA:53,1
LF:9
LH:9
BRDA:42,1,0,0
BRDA:42,1,1,1
BRDA:47,2,0,1
BRDA:47,2,1,0
BRDA:48,3,0,1
BRDA:48,3,1,1
BRDA:49,4,0,1
BRDA:49,4,1,1
BRF:8
BRH:7
end_of_record
TN:
SF:/Users/ssimonia/git/dash.js/src/streaming/text/TextController.js
FN:38,_interopRequireDefault
FN:72,TextController
FN:96,setup
FN:114,setConfig
FN:160,getTextSourceBuffer
FN:164,getAllTracksAreDisabled
FN:168,addEmbeddedTrack
FN:172,setTextDefaultLanguage
FN:180,getTextDefaultLanguage
FN:184,onTextTracksAdded
FN:192,(anonymous_11)
FN:213,setTextDefaultEnabled
FN:220,getTextDefaultEnabled
FN:224,enableText
FN:244,isTextEnabled
FN:253,enableForcedTextStreaming
FN:260,setTextTrack
FN:296,getCurrentTrackIdx
FN:300,resetInitialSettings
FN:304,reset
FNF:20
FNH:18
FNDA:8,_interopRequireDefault
FNDA:34,TextController
FNDA:34,setup
FNDA:45,setConfig
FNDA:1,getTextSourceBuffer
FNDA:2,getAllTracksAreDisabled
FNDA:0,addEmbeddedTrack
FNDA:5,setTextDefaultLanguage
FNDA:3,getTextDefaultLanguage
FNDA:8,onTextTracksAdded
FNDA:16,(anonymous_11)
FNDA:5,setTextDefaultEnabled
FNDA:4,getTextDefaultEnabled
FNDA:6,enableText
FNDA:20,isTextEnabled
FNDA:0,enableForcedTextStreaming
FNDA:7,setTextTrack
FNDA:1,getCurrentTrackIdx
FNDA:49,resetInitialSettings
FNDA:15,reset
DA:33,1
DA:38,8
DA:40,1
DA:42,1
DA:44,1
DA:46,1
DA:48,1
DA:50,1
DA:52,1
DA:54,1
DA:56,1
DA:58,1
DA:60,1
DA:62,1
DA:64,1
DA:66,1
DA:68,1
DA:70,1
DA:72,1
DA:74,34
DA:75,34
DA:76,34
DA:78,34
DA:96,1
DA:98,34
DA:99,34
DA:100,34
DA:101,34
DA:102,34
DA:103,34
DA:104,34
DA:105,34
DA:106,34
DA:108,34
DA:109,34
DA:111,34
DA:114,1
DA:115,45
DA:116,0
DA:118,45
DA:119,32
DA:121,45
DA:122,32
DA:124,45
DA:125,32
DA:127,45
DA:128,32
DA:130,45
DA:131,45
DA:133,45
DA:134,32
DA:136,45
DA:137,0
DA:139,45
DA:140,0
DA:142,45
DA:143,0
DA:147,45
DA:160,1
DA:161,1
DA:164,1
DA:165,2
DA:168,1
DA:169,0
DA:172,1
DA:173,5
DA:174,2
DA:177,3
DA:180,1
DA:181,3
DA:184,1
DA:187,8
DA:189,8
DA:190,8
DA:192,8
DA:193,16
DA:194,2
DA:195,2
DA:196,2
DA:200,8
DA:202,1
DA:205,8
DA:206,8
DA:213,1
DA:214,5
DA:215,2
DA:217,3
DA:220,1
DA:221,4
DA:224,1
DA:225,6
DA:226,3
DA:229,3
DA:231,2
DA:233,1
DA:236,2
DA:238,1
DA:239,1
DA:244,1
DA:245,20
DA:246,20
DA:247,3
DA:249,20
DA:253,1
DA:254,0
DA:255,0
DA:257,0
DA:260,1
DA:263,7
DA:264,7
DA:265,7
DA:267,7
DA:268,7
DA:269,6
DA:270,6
DA:271,6
DA:273,6
DA:275,6
DA:276,0
DA:277,0
DA:278,0
DA:279,0
DA:280,0
DA:281,0
DA:282,0
DA:283,0
DA:284,0
DA:285,0
DA:286,0
DA:293,7
DA:296,1
DA:297,1
DA:300,1
DA:301,49
DA:304,1
DA:305,15
DA:306,15
DA:309,34
DA:325,34
DA:326,34
DA:329,1
DA:330,1
DA:331,1
LF:143
LH:124
BRDA:38,1,0,0
BRDA:38,1,1,8
BRDA:38,2,0,8
BRDA:38,2,1,8
BRDA:115,3,0,0
BRDA:115,3,1,45
BRDA:118,4,0,32
BRDA:118,4,1,13
BRDA:121,5,0,32
BRDA:121,5,1,13
BRDA:124,6,0,32
BRDA:124,6,1,13
BRDA:127,7,0,32
BRDA:127,7,1,13
BRDA:130,8,0,45
BRDA:130,8,1,0
BRDA:133,9,0,32
BRDA:133,9,1,13
BRDA:136,10,0,0
BRDA:136,10,1,45
BRDA:139,11,0,0
BRDA:139,11,1,45
BRDA:142,12,0,0
BRDA:142,12,1,45
BRDA:173,13,0,2
BRDA:173,13,1,3
BRDA:193,14,0,2
BRDA:193,14,1,14
BRDA:200,15,0,1
BRDA:200,15,1,7
BRDA:214,16,0,2
BRDA:214,16,1,3
BRDA:225,17,0,3
BRDA:225,17,1,3
BRDA:229,18,0,2
BRDA:229,18,1,1
BRDA:231,19,0,1
BRDA:231,19,1,1
BRDA:236,20,0,1
BRDA:236,20,1,1
BRDA:246,21,0,3
BRDA:246,21,1,17
BRDA:246,22,0,20
BRDA:246,22,1,3
BRDA:254,23,0,0
BRDA:254,23,1,0
BRDA:268,24,0,6
BRDA:268,24,1,1
BRDA:275,25,0,0
BRDA:275,25,1,6
BRDA:275,26,0,6
BRDA:275,26,1,1
BRDA:275,26,2,0
BRDA:278,27,0,0
BRDA:278,27,1,0
BRDA:278,28,0,0
BRDA:278,28,1,0
BRDA:278,28,2,0
BRDA:278,29,0,0
BRDA:278,29,1,0
BRDA:280,30,0,0
BRDA:280,30,1,0
BRDA:293,31,0,3
BRDA:293,31,1,4
BRF:64
BRH:46
end_of_record
TN:
SF:/Users/ssimonia/git/dash.js/src/streaming/text/TextSourceBuffer.js
FN:38,_interopRequireDefault
FN:94,TextSourceBuffer
FN:131,initialize
FN:169,abort
FN:186,onVideoChunkReceived
FN:194,initEmbedded
FN:228,resetEmbedded
FN:240,addEmbeddedTrack
FN:256,setConfig
FN:289,getConfig
FN:306,setCurrentFragmentedTrackIdx
FN:310,append
FN:327,createTextTrackFromMediaInfo
FN:330,getKind
FN:336,checkTTML
FN:472,makeCueAdderForIndex
FN:473,newCue
FN:557,extractCea608Data
FN:592,sortField
FN:593,(anonymous_20)
FN:604,getIsDefault
FN:622,getParser
FN:632,remove
FNF:23
FNH:5
FNDA:13,_interopRequireDefault
FNDA:34,TextSourceBuffer
FNDA:0,initialize
FNDA:0,abort
FNDA:0,onVideoChunkReceived
FNDA:0,initEmbedded
FNDA:15,resetEmbedded
FNDA:0,addEmbeddedTrack
FNDA:45,setConfig
FNDA:7,getConfig
FNDA:0,setCurrentFragmentedTrackIdx
FNDA:0,append
FNDA:0,createTextTrackFromMediaInfo
FNDA:0,getKind
FNDA:0,checkTTML
FNDA:0,makeCueAdderForIndex
FNDA:0,newCue
FNDA:0,extractCea608Data
FNDA:0,sortField
FNDA:0,(anonymous_20)
FNDA:0,getIsDefault
FNDA:0,getParser
FNDA:0,remove
DA:33,1
DA:38,13
DA:40,1
DA:42,1
DA:44,1
DA:46,1
DA:48,1
DA:50,1
DA:52,1
DA:54,1
DA:56,1
DA:58,1
DA:60,1
DA:62,1
DA:64,1
DA:66,1
DA:68,1
DA:70,1
DA:72,1
DA:74,1
DA:76,1
DA:78,1
DA:80,1
DA:82,1
DA:84,1
DA:86,1
DA:88,1
DA:90,1
DA:92,1
DA:94,1
DA:96,34
DA:97,34
DA:98,34
DA:99,34
DA:101,34
DA:131,1
DA:132,0
DA:133,0
DA:134,0
DA:135,0
DA:136,0
DA:137,0
DA:139,0
DA:140,0
DA:143,0
DA:144,0
DA:147,0
DA:148,0
DA:149,0
DA:150,0
DA:151,0
DA:155,0
DA:156,0
DA:157,0
DA:158,0
DA:159,0
DA:160,0
DA:161,0
DA:162,0
DA:163,0
DA:169,1
DA:170,0
DA:171,0
DA:172,0
DA:173,0
DA:174,0
DA:175,0
DA:176,0
DA:177,0
DA:178,0
DA:179,0
DA:180,0
DA:181,0
DA:182,0
DA:183,0
DA:186,1
DA:187,0
DA:189,0
DA:190,0
DA:194,1
DA:195,0
DA:196,0
DA:197,0
DA:198,0
DA:201,0
DA:202,0
DA:203,0
DA:204,0
DA:207,0
DA:208,0
DA:209,0
DA:210,0
DA:211,0
DA:212,0
DA:213,0
DA:214,0
DA:215,0
DA:217,0
DA:218,0
DA:219,0
DA:220,0
DA:221,0
DA:225,0
DA:228,1
DA:229,15
DA:230,15
DA:231,15
DA:233,15
DA:234,15
DA:235,15
DA:236,15
DA:237,15
DA:240,1
DA:241,0
DA:242,0
DA:244,0
DA:245,0
DA:246,0
DA:247,0
DA:250,0
DA:252,0
DA:256,1
DA:257,45
DA:258,0
DA:260,45
DA:261,32
DA:263,45
DA:264,32
DA:266,45
DA:267,32
DA:269,45
DA:270,32
DA:272,45
DA:273,45
DA:275,45
DA:276,32
DA:278,45
DA:279,45
DA:281,45
DA:282,45
DA:284,45
DA:285,45
DA:289,1
DA:290,7
DA:303,7
DA:306,1
DA:307,0
DA:310,1
DA:311,0
DA:318,0
DA:319,0
DA:320,0
DA:321,0
DA:322,0
DA:323,0
DA:324,0
DA:327,1
DA:328,0
DA:329,0
DA:330,0
DA:331,0
DA:332,0
DA:333,0
DA:336,0
DA:337,0
DA:338,0
DA:339,0
DA:341,0
DA:342,0
DA:344,0
DA:347,0
DA:348,0
DA:349,0
DA:350,0
DA:351,0
DA:352,0
DA:353,0
DA:354,0
DA:355,0
DA:356,0
DA:357,0
DA:358,0
DA:361,0
DA:362,0
DA:363,0
DA:364,0
DA:365,0
DA:367,0
DA:369,0
DA:370,0
DA:371,0
DA:372,0
DA:374,0
DA:375,0
DA:376,0
DA:377,0
DA:378,0
DA:379,0
DA:380,0
DA:381,0
DA:382,0
DA:383,0
DA:384,0
DA:385,0
DA:386,0
DA:387,0
DA:388,0
DA:389,0
DA:391,0
DA:393,0
DA:394,0
DA:395,0
DA:396,0
DA:398,0
DA:399,0
DA:400,0
DA:405,0
DA:406,0
DA:407,0
DA:408,0
DA:409,0
DA:410,0
DA:412,0
DA:414,0
DA:415,0
DA:416,0
DA:417,0
DA:418,0
DA:420,0
DA:421,0
DA:422,0
DA:423,0
DA:424,0
DA:425,0
DA:426,0
DA:427,0
DA:428,0
DA:429,0
DA:430,0
DA:436,0
DA:442,0
DA:443,0
DA:447,0
DA:448,0
DA:449,0
DA:451,0
DA:452,0
DA:453,0
DA:455,0
DA:457,0
DA:459,0
DA:460,0
DA:461,0
DA:462,0
DA:463,0
DA:468,0
DA:469,0
DA:470,0
DA:472,0
DA:473,1
DA:474,0
DA:475,0
DA:476,0
DA:478,0
DA:480,0
DA:487,0
DA:488,0
DA:491,0
DA:494,0
DA:496,0
DA:498,0
DA:500,0
DA:503,0
DA:504,0
DA:505,0
DA:506,0
DA:507,0
DA:508,0
DA:509,0
DA:511,0
DA:512,0
DA:513,0
DA:515,0
DA:516,0
DA:522,0
DA:523,0
DA:524,0
DA:525,0
DA:526,0
DA:531,0
DA:533,0
DA:534,0
DA:535,0
DA:536,0
DA:540,0
DA:541,0
DA:545,0
DA:546,0
DA:557,1
DA:559,0
DA:560,0
DA:563,0
DA:567,0
DA:568,0
DA:569,0
DA:570,0
DA:571,0
DA:572,0
DA:573,0
DA:574,0
DA:575,0
DA:576,0
DA:577,0
DA:578,0
DA:580,0
DA:582,0
DA:583,0
DA:592,0
DA:593,0
DA:594,0
DA:595,0
DA:597,0
DA:601,0
DA:604,1
DA:608,0
DA:609,0
DA:610,0
DA:611,0
DA:612,0
DA:614,0
DA:616,0
DA:617,0
DA:619,0
DA:622,1
DA:623,0
DA:624,0
DA:625,0
DA:626,0
DA:627,0
DA:629,0
DA:632,1
DA:634,0
DA:635,0
DA:636,0
DA:638,0
DA:641,34
DA:653,34
DA:656,1
DA:657,1
DA:658,1
LF:350
LH:85
BRDA:38,1,0,0
BRDA:38,1,1,13
BRDA:38,2,0,13
BRDA:38,2,1,13
BRDA:139,3,0,0
BRDA:139,3,1,0
BRDA:155,4,0,0
BRDA:155,4,1,0
BRDA:161,5,0,0
BRDA:161,5,1,0
BRDA:189,6,0,0
BRDA:189,6,1,0
BRDA:219,7,0,0
BRDA:219,7,1,0
BRDA:230,8,0,15
BRDA:230,8,1,0
BRDA:241,9,0,0
BRDA:241,9,1,0
BRDA:244,10,0,0
BRDA:244,10,1,0
BRDA:244,11,0,0
BRDA:244,11,1,0
BRDA:246,12,0,0
BRDA:246,12,1,0
BRDA:257,13,0,0
BRDA:257,13,1,45
BRDA:260,14,0,32
BRDA:260,14,1,13
BRDA:263,15,0,32
BRDA:263,15,1,13
BRDA:266,16,0,32
BRDA:266,16,1,13
BRDA:269,17,0,32
BRDA:269,17,1,13
BRDA:272,18,0,45
BRDA:272,18,1,0
BRDA:275,19,0,32
BRDA:275,19,1,13
BRDA:278,20,0,45
BRDA:278,20,1,0
BRDA:281,21,0,45
BRDA:281,21,1,0
BRDA:284,22,0,45
BRDA:284,22,1,0
BRDA:321,23,0,0
BRDA:321,23,1,0
BRDA:322,24,0,0
BRDA:322,24,1,0
BRDA:331,25,0,0
BRDA:331,25,1,0
BRDA:332,26,0,0
BRDA:332,26,1,0
BRDA:332,27,0,0
BRDA:332,27,1,0
BRDA:338,28,0,0
BRDA:338,28,1,0
BRDA:338,29,0,0
BRDA:338,29,1,0
BRDA:341,30,0,0
BRDA:341,30,1,0
BRDA:341,31,0,0
BRDA:341,31,1,0
BRDA:354,32,0,0
BRDA:354,32,1,0
BRDA:357,33,0,0
BRDA:357,33,1,0
BRDA:361,34,0,0
BRDA:361,34,1,0
BRDA:362,35,0,0
BRDA:362,35,1,0
BRDA:371,36,0,0
BRDA:371,36,1,0
BRDA:371,37,0,0
BRDA:371,37,1,0
BRDA:374,38,0,0
BRDA:374,38,1,0
BRDA:375,39,0,0
BRDA:375,39,1,0
BRDA:394,40,0,0
BRDA:394,40,1,0
BRDA:417,41,0,0
BRDA:417,41,1,0
BRDA:420,42,0,0
BRDA:420,42,1,0
BRDA:425,43,0,0
BRDA:425,43,1,0
BRDA:442,44,0,0
BRDA:442,44,1,0
BRDA:447,45,0,0
BRDA:447,45,1,0
BRDA:457,46,0,0
BRDA:457,46,1,0
BRDA:459,47,0,0
BRDA:459,47,1,0
BRDA:460,48,0,0
BRDA:460,48,1,0
BRDA:468,49,0,0
BRDA:468,49,1,0
BRDA:475,50,0,0
BRDA:475,50,1,0
BRDA:487,51,0,0
BRDA:487,51,1,0
BRDA:498,52,0,0
BRDA:498,52,1,0
BRDA:498,53,0,0
BRDA:498,53,1,0
BRDA:504,54,0,0
BRDA:504,54,1,0
BRDA:507,55,0,0
BRDA:507,55,1,0
BRDA:511,56,0,0
BRDA:511,56,1,0
BRDA:522,57,0,0
BRDA:522,57,1,0
BRDA:522,58,0,0
BRDA:522,58,1,0
BRDA:523,59,0,0
BRDA:523,59,1,0
BRDA:523,60,0,0
BRDA:523,60,1,0
BRDA:525,61,0,0
BRDA:525,61,1,0
BRDA:536,62,0,0
BRDA:536,62,1,0
BRDA:559,63,0,0
BRDA:559,63,1,0
BRDA:576,64,0,0
BRDA:576,64,1,0
BRDA:577,65,0,0
BRDA:577,65,1,0
BRDA:594,66,0,0
BRDA:594,66,1,0
BRDA:609,67,0,0
BRDA:609,67,1,0
BRDA:609,68,0,0
BRDA:609,68,1,0
BRDA:610,69,0,0
BRDA:610,69,1,0
BRDA:611,70,0,0
BRDA:611,70,1,0
BRDA:612,71,0,0
BRDA:612,71,1,0
BRDA:612,72,0,0
BRDA:612,72,1,0
BRDA:616,73,0,0
BRDA:616,73,1,0
BRDA:624,74,0,0
BRDA:624,74,1,0
BRDA:626,75,0,0
BRDA:626,75,1,0
BRDA:626,76,0,0
BRDA:626,76,1,0
BRDA:634,77,0,0
BRDA:634,77,1,0
BRDA:634,78,0,0
BRDA:634,78,1,0
BRF:156
BRH:20
end_of_record
TN:
SF:/Users/ssimonia/git/dash.js/src/streaming/vo/metrics/HTTPRequest.js
FN:43,_classCallCheck
FN:49,HTTPRequest
FN:147,HTTPRequestTrace
FNF:3
FNH:1
FNDA:0,_classCallCheck
FNDA:0,HTTPRequest
FNDA:0,HTTPRequestTrace
DA:38,1
DA:43,1
DA:45,1
DA:50,0
DA:56,0
DA:69,0
DA:74,0
DA:79,0
DA:84,0
DA:89,0
DA:94,0
DA:99,0
DA:104,0
DA:109,0
DA:115,0
DA:120,0
DA:125,0
DA:130,0
DA:135,0
DA:143,1
DA:148,0
DA:154,0
DA:159,0
DA:164,0
DA:167,1
DA:168,1
DA:169,1
DA:170,1
DA:171,1
DA:172,1
DA:173,1
DA:174,1
DA:175,1
DA:177,1
DA:178,1
LF:35
LH:15
BRDA:43,1,0,0
BRDA:43,1,1,0
BRF:2
BRH:2
end_of_record
TN:
SF:/Users/ssimonia/git/dash.js/src/streaming/vo/TextTrackInfo.js
FN:42,_classCallCheck
FN:44,TextTrackInfo
FNF:2
FNH:1
FNDA:0,_classCallCheck
FNDA:0,TextTrackInfo
DA:37,1
DA:42,1
DA:44,1
DA:45,0
DA:47,0
DA:48,0
DA:49,0
DA:50,0
DA:51,0
DA:52,0
DA:53,0
DA:56,1
DA:57,1
LF:13
LH:5
BRDA:42,1,0,0
BRDA:42,1,1,0
BRF:2
BRH:2
end_of_record
TN:
SF:/Users/ssimonia/git/dash.js/src/dash/utils/FragmentedTextBoxParser.js
FN:39,_interopRequireDefault
FN:45,FragmentedTextBoxParser
FN:50,setConfig
FN:58,getSamplesInfo
FN:157,getMediaTimescaleFromMoov
FNF:5
FNH:5
FNDA:1,_interopRequireDefault
FNDA:1,FragmentedTextBoxParser
FNDA:1,setConfig
FNDA:2,getSamplesInfo
FNDA:2,getMediaTimescaleFromMoov
DA:34,1
DA:39,1
DA:41,1
DA:43,1
DA:45,1
DA:47,1
DA:50,1
DA:51,1
DA:53,1
DA:54,1
DA:58,1
DA:59,2
DA:60,1
DA:63,1
DA:64,1
DA:66,0
DA:68,0
DA:70,0
DA:72,0
DA:90,0
DA:91,0
DA:92,0
DA:94,0
DA:95,0
DA:96,0
DA:97,0
DA:98,0
DA:100,0
DA:101,0
DA:102,0
DA:104,0
DA:106,0
DA:107,0
DA:109,0
DA:111,0
DA:112,0
DA:113,0
DA:114,0
DA:115,0
DA:117,0
DA:118,0
DA:119,0
DA:120,0
DA:121,0
DA:122,0
DA:130,0
DA:131,0
DA:132,0
DA:133,0
DA:134,0
DA:135,0
DA:137,0
DA:138,0
DA:139,0
DA:140,0
DA:141,0
DA:146,0
DA:147,0
DA:148,0
DA:151,0
DA:154,0
DA:157,1
DA:158,2
DA:159,1
DA:162,1
DA:163,1
DA:165,1
DA:168,1
DA:174,1
DA:177,1
DA:178,1
DA:179,1
LF:72
LH:26
BRDA:39,1,0,0
BRDA:39,1,1,1
BRDA:39,2,0,1
BRDA:39,2,1,1
BRDA:51,3,0,0
BRDA:51,3,1,1
BRDA:53,4,0,1
BRDA:53,4,1,0
BRDA:59,5,0,1
BRDA:59,5,1,1
BRDA:63,6,0,1
BRDA:63,6,1,0
BRDA:63,7,0,1
BRDA:63,7,1,0
BRDA:115,8,0,0
BRDA:115,8,1,0
BRDA:115,9,0,0
BRDA:115,9,1,0
BRDA:119,10,0,0
BRDA:119,10,1,0
BRDA:120,11,0,0
BRDA:120,11,1,0
BRDA:121,12,0,0
BRDA:121,12,1,0
BRDA:130,13,0,0
BRDA:130,13,1,0
BRDA:133,14,0,0
BRDA:133,14,1,0
BRDA:133,15,0,0
BRDA:133,15,1,0
BRDA:137,16,0,0
BRDA:137,16,1,0
BRDA:158,17,0,1
BRDA:158,17,1,1
BRDA:163,18,0,0
BRDA:163,18,1,1
BRDA:165,19,0,0
BRDA:165,19,1,1
BRF:38
BRH:14
end_of_record
TN:
SF:/Users/ssimonia/git/dash.js/src/streaming/utils/BoxParser.js
FN:39,_interopRequireDefault
FN:57,BoxParser
FN:67,parse
FN:91,findLastTopIsoBoxCompleted
FN:130,parseUint32
FN:134,parseIsoBoxType
FNF:6
FNH:6
FNDA:4,_interopRequireDefault
FNDA:3,BoxParser
FNDA:1,parse
FNDA:10,findLastTopIsoBoxCompleted
FNDA:14,parseUint32
FNDA:14,parseIsoBoxType
DA:34,1
DA:39,4
DA:41,1
DA:43,1
DA:45,1
DA:47,1
DA:49,1
DA:51,1
DA:53,1
DA:55,1
DA:57,1
DA:59,3
DA:60,3
DA:67,1
DA:68,1
DA:70,0
DA:71,0
DA:74,0
DA:75,0
DA:77,0
DA:79,0
DA:91,1
DA:92,10
DA:93,7
DA:97,10
DA:98,4
DA:101,6
DA:102,6
DA:103,6
DA:104,6
DA:105,14
DA:106,14
DA:108,14
DA:109,0
DA:112,14
DA:113,12
DA:114,4
DA:116,8
DA:120,14
DA:123,6
DA:124,2
DA:127,4
DA:130,1
DA:131,14
DA:134,1
DA:135,14
DA:138,3
DA:143,3
DA:145,1
DA:146,1
DA:147,1
LF:51
LH:44
BRDA:39,1,0,0
BRDA:39,1,1,4
BRDA:39,2,0,4
BRDA:39,2,1,4
BRDA:68,3,0,1
BRDA:68,3,1,0
BRDA:70,4,0,0
BRDA:70,4,1,0
BRDA:92,5,0,7
BRDA:92,5,1,3
BRDA:97,6,0,4
BRDA:97,6,1,6
BRDA:97,7,0,10
BRDA:97,7,1,9
BRDA:101,8,0,6
BRDA:101,8,1,0
BRDA:108,9,0,0
BRDA:108,9,1,14
BRDA:112,10,0,12
BRDA:112,10,1,2
BRDA:113,11,0,4
BRDA:113,11,1,8
BRDA:123,12,0,2
BRDA:123,12,1,4
BRF:24
BRH:19
end_of_record
TN:
SF:/Users/ssimonia/git/dash.js/src/streaming/utils/IsoFile.js
FN:39,_interopRequireDefault
FN:49,IsoFile
FN:59,getBox
FN:70,getBoxes
FN:95,setData
FN:103,getLastBox
FN:112,convertToDashIsoBox
FNF:7
FNH:7
FNDA:2,_interopRequireDefault
FNDA:1,IsoFile
FNDA:7,getBox
FNDA:5,getBoxes
FNDA:7,setData
FNDA:3,getLastBox
FNDA:3,convertToDashIsoBox
DA:34,1
DA:39,2
DA:41,1
DA:43,1
DA:45,1
DA:47,1
DA:49,1
DA:51,1
DA:59,1
DA:60,7
DA:62,2
DA:70,1
DA:71,5
DA:73,5
DA:74,3
DA:77,2
DA:78,2
DA:80,2
DA:81,1
DA:83,1
DA:84,1
DA:88,2
DA:95,1
DA:96,7
DA:103,1
DA:104,3
DA:106,2
DA:107,2
DA:109,2
DA:112,1
DA:113,3
DA:115,2
DA:117,2
DA:118,0
DA:121,2
DA:124,1
DA:131,1
DA:133,1
DA:134,1
DA:135,1
LF:40
LH:39
BRDA:39,1,0,0
BRDA:39,1,1,2
BRDA:39,2,0,2
BRDA:39,2,1,2
BRDA:60,3,0,5
BRDA:60,3,1,2
BRDA:60,4,0,7
BRDA:60,4,1,6
BRDA:60,4,2,5
BRDA:60,4,3,4
BRDA:60,4,4,3
BRDA:73,5,0,3
BRDA:73,5,1,2
BRDA:73,6,0,5
BRDA:73,6,1,4
BRDA:73,6,2,3
BRDA:83,7,0,1
BRDA:83,7,1,0
BRDA:104,8,0,1
BRDA:104,8,1,2
BRDA:104,9,0,3
BRDA:104,9,1,2
BRDA:104,9,2,2
BRDA:109,10,0,1
BRDA:109,10,1,1
BRDA:113,11,0,1
BRDA:113,11,1,2
BRDA:117,12,0,0
BRDA:117,12,1,2
BRF:29
BRH:27
end_of_record
TN:
SF:/Users/ssimonia/git/dash.js/src/streaming/vo/IsoBox.js
FN:42,(anonymous_1)
FN:42,defineProperties
FN:42,(anonymous_3)
FN:46,_classCallCheck
FN:48,(anonymous_5)
FN:49,IsoBox
FN:136,getChildBox
FN:145,getChildBoxes
FNF:8
FNH:6
FNDA:1,(anonymous_1)
FNDA:1,defineProperties
FNDA:1,(anonymous_3)
FNDA:2,_classCallCheck
FNDA:1,(anonymous_5)
FNDA:2,IsoBox
FNDA:0,getChildBox
FNDA:0,getChildBoxes
DA:37,1
DA:42,2
DA:46,2
DA:48,1
DA:49,1
DA:50,2
DA:52,2
DA:53,2
DA:54,2
DA:55,2
DA:56,2
DA:57,0
DA:58,0
DA:61,2
DA:63,2
DA:65,0
DA:66,0
DA:67,0
DA:68,0
DA:69,0
DA:70,0
DA:71,0
DA:72,0
DA:77,0
DA:80,0
DA:82,0
DA:83,0
DA:84,0
DA:85,0
DA:86,0
DA:87,0
DA:88,0
DA:89,0
DA:91,0
DA:92,0
DA:94,1
DA:95,1
DA:97,0
DA:98,0
DA:99,0
DA:101,0
DA:102,0
DA:103,0
DA:104,0
DA:105,0
DA:106,0
DA:107,0
DA:109,0
DA:110,0
DA:111,0
DA:112,0
DA:114,0
DA:115,0
DA:116,0
DA:117,0
DA:118,0
DA:119,0
DA:120,0
DA:121,0
DA:122,0
DA:127,0
DA:130,0
DA:134,1
DA:137,0
DA:138,0
DA:139,0
DA:146,0
DA:147,0
DA:148,0
DA:149,0
DA:152,0
DA:156,1
DA:159,1
DA:160,1
LF:74
LH:19
BRDA:42,1,0,2
BRDA:42,1,1,2
BRDA:42,2,0,2
BRDA:42,2,1,0
BRDA:42,3,0,1
BRDA:42,3,1,0
BRDA:42,4,0,0
BRDA:42,4,1,1
BRDA:46,5,0,0
BRDA:46,5,1,2
BRDA:56,6,0,0
BRDA:56,6,1,2
BRDA:63,7,0,0
BRDA:63,7,1,0
BRDA:63,7,2,0
BRDA:63,7,3,1
BRDA:63,7,4,0
BRDA:63,7,5,0
BRDA:63,7,6,0
BRDA:63,7,7,0
BRDA:69,8,0,0
BRDA:69,8,1,0
BRDA:119,9,0,0
BRDA:119,9,1,0
BRDA:138,10,0,0
BRDA:138,10,1,0
BRDA:148,11,0,0
BRDA:148,11,1,0
BRF:28
BRH:12
end_of_record
TN:
SF:/Users/ssimonia/git/dash.js/src/streaming/vo/IsoBoxSearchInfo.js
FN:42,_classCallCheck
FN:44,IsoBoxSearchInfo
FNF:2
FNH:2
FNDA:10,_classCallCheck
FNDA:10,IsoBoxSearchInfo
DA:37,1
DA:42,10
DA:44,1
DA:45,10
DA:47,10
DA:48,10
DA:49,10
DA:52,1
DA:53,1
LF:9
LH:9
BRDA:42,1,0,0
BRDA:42,1,1,10
BRF:2
BRH:2
end_of_record
TN:
SF:/Users/ssimonia/git/dash.js/src/streaming/utils/CustomTimeRanges.js
FN:38,_interopRequireDefault
FN:44,CustomTimeRanges
FN:48,add
FN:63,clear
FN:68,remove
FN:107,mergeRanges
FN:137,checkIndex
FN:145,start
FN:155,end
FNF:9
FNH:5
FNDA:1,_interopRequireDefault
FNDA:1,CustomTimeRanges
FNDA:0,add
FNDA:0,clear
FNDA:0,remove
FNDA:0,mergeRanges
FNDA:4,checkIndex
FNDA:2,start
FNDA:2,end
DA:33,1
DA:38,1
DA:40,1
DA:42,1
DA:44,1
DA:45,1
DA:46,1
DA:48,1
DA:49,0
DA:51,0
DA:53,0
DA:55,0
DA:56,0
DA:57,0
DA:60,0
DA:63,1
DA:64,0
DA:65,0
DA:68,1
DA:69,0
DA:70,0
DA:79,0
DA:80,0
DA:81,0
DA:84,0
DA:85,0
DA:86,0
DA:87,0
DA:93,0
DA:94,0
DA:100,0
DA:104,0
DA:107,1
DA:108,0
DA:109,0
DA:111,0
DA:114,0
DA:115,0
DA:116,0
DA:117,0
DA:120,0
DA:121,0
DA:122,0
DA:123,0
DA:126,0
DA:127,0
DA:128,0
DA:131,0
DA:132,0
DA:134,0
DA:137,1
DA:138,4
DA:140,4
DA:141,2
DA:145,1
DA:146,2
DA:148,1
DA:149,1
DA:152,0
DA:155,1
DA:156,2
DA:158,1
DA:159,1
DA:162,0
DA:165,1
DA:176,1
DA:177,1
DA:178,1
LF:68
LH:27
BRDA:38,1,0,0
BRDA:38,1,1,1
BRDA:38,2,0,1
BRDA:38,2,1,1
BRDA:51,3,0,0
BRDA:51,3,1,0
BRDA:56,4,0,0
BRDA:56,4,1,0
BRDA:70,5,0,0
BRDA:70,5,1,0
BRDA:70,6,0,0
BRDA:70,6,1,0
BRDA:81,7,0,0
BRDA:81,7,1,0
BRDA:81,8,0,0
BRDA:81,8,1,0
BRDA:87,9,0,0
BRDA:87,9,1,0
BRDA:87,10,0,0
BRDA:87,10,1,0
BRDA:94,11,0,0
BRDA:94,11,1,0
BRDA:94,12,0,0
BRDA:94,12,1,0
BRDA:111,13,0,0
BRDA:111,13,1,0
BRDA:111,14,0,0
BRDA:111,14,1,0
BRDA:111,14,2,0
BRDA:117,15,0,0
BRDA:117,15,1,0
BRDA:117,16,0,0
BRDA:117,16,1,0
BRDA:117,16,2,0
BRDA:123,17,0,0
BRDA:123,17,1,0
BRDA:123,18,0,0
BRDA:123,18,1,0
BRDA:123,18,2,0
BRDA:128,19,0,0
BRDA:128,19,1,0
BRDA:128,20,0,0
BRDA:128,20,1,0
BRDA:128,20,2,0
BRDA:138,21,0,4
BRDA:138,21,1,4
BRDA:138,21,2,2
BRDA:140,22,0,2
BRDA:140,22,1,2
BRDA:148,23,0,1
BRDA:148,23,1,0
BRDA:148,24,0,1
BRDA:148,24,1,0
BRDA:158,25,0,1
BRDA:158,25,1,0
BRDA:158,26,0,1
BRDA:158,26,1,0
BRF:57
BRH:13
end_of_record
TN:
SF:/Users/ssimonia/git/dash.js/src/streaming/text/TextTracks.js
FN:38,_interopRequireDefault
FN:62,TextTracks
FN:86,initialize
FN:125,createTrackForUserAgent
FN:139,displayCConTop
FN:147,addTextTrack
FN:156,(anonymous_7)
FN:208,getVideoVisibleVideoSize
FN:256,checkVideoSize
FN:302,scaleCue
FN:380,renderCaption
FN:383,(anonymous_12)
FN:400,(anonymous_13)
FN:410,addCaptions
FN:448,(anonymous_15)
FN:460,(anonymous_16)
FN:498,getTrackByIdx
FN:502,getCurrentTrackIdx
FN:506,getTrackIdxForId
FN:518,setCurrentTrackIdx
FN:537,setCueStyleOnTrack
FN:550,deleteTrackCues
FN:561,deleteCuesFromTrackIdx
FN:568,deleteAllTextTracks
FN:587,deleteTextTrack
FN:593,setNativeCueStyle
FN:619,removeNativeCueStyle
FN:629,clearCaptionContainer
FN:637,setConfig
FN:646,setModeForTrackIdx
FN:653,getCurrentTrackInfo
FNF:31
FNH:17
FNDA:5,_interopRequireDefault
FNDA:34,TextTracks
FNDA:34,initialize
FNDA:10,createTrackForUserAgent
FNDA:0,displayCConTop
FNDA:10,addTextTrack
FNDA:5,(anonymous_7)
FNDA:0,getVideoVisibleVideoSize
FNDA:0,checkVideoSize
FNDA:0,scaleCue
FNDA:0,renderCaption
FNDA:0,(anonymous_12)
FNDA:0,(anonymous_13)
FNDA:10,addCaptions
FNDA:0,(anonymous_15)
FNDA:0,(anonymous_16)
FNDA:63,getTrackByIdx
FNDA:8,getCurrentTrackIdx
FNDA:0,getTrackIdxForId
FNDA:11,setCurrentTrackIdx
FNDA:11,setCueStyleOnTrack
FNDA:0,deleteTrackCues
FNDA:0,deleteCuesFromTrackIdx
FNDA:28,deleteAllTextTracks
FNDA:0,deleteTextTrack
FNDA:0,setNativeCueStyle
FNDA:11,removeNativeCueStyle
FNDA:39,clearCaptionContainer
FNDA:13,setConfig
FNDA:12,setModeForTrackIdx
FNDA:6,getCurrentTrackInfo
DA:33,1
DA:38,5
DA:40,1
DA:42,1
DA:44,1
DA:46,1
DA:48,1
DA:50,1
DA:52,1
DA:54,1
DA:56,1
DA:58,1
DA:60,1
DA:62,1
DA:64,34
DA:65,34
DA:66,34
DA:68,34
DA:86,1
DA:87,34
DA:88,34
DA:91,0
DA:92,0
DA:93,0
DA:94,0
DA:95,0
DA:96,0
DA:97,0
DA:98,0
DA:99,0
DA:100,0
DA:101,0
DA:102,0
DA:103,0
DA:111,0
DA:112,0
DA:113,0
DA:114,0
DA:115,0
DA:116,0
DA:118,0
DA:119,0
DA:121,0
DA:125,1
DA:126,10
DA:127,10
DA:128,10
DA:129,10
DA:130,10
DA:131,10
DA:133,10
DA:134,10
DA:136,10
DA:139,1
DA:140,0
DA:141,0
DA:142,0
DA:144,0
DA:147,1
DA:148,10
DA:149,0
DA:150,0
DA:153,10
DA:155,10
DA:156,5
DA:158,5
DA:160,5
DA:161,5
DA:162,5
DA:163,10
DA:164,10
DA:166,10
DA:170,5
DA:171,5
DA:174,10
DA:175,10
DA:178,0
DA:179,0
DA:180,0
DA:182,0
DA:185,10
DA:186,10
DA:190,5
DA:192,5
DA:193,5
DA:194,10
DA:195,10
DA:196,0
DA:201,5
DA:208,1
DA:209,0
DA:210,0
DA:212,0
DA:213,0
DA:215,0
DA:216,0
DA:217,0
DA:219,0
DA:220,0
DA:223,0
DA:224,0
DA:225,0
DA:226,0
DA:227,0
DA:229,0
DA:230,0
DA:231,0
DA:233,0
DA:234,0
DA:236,0
DA:237,0
DA:239,0
DA:240,0
DA:247,0
DA:256,1
DA:257,0
DA:258,0
DA:259,0
DA:260,0
DA:261,0
DA:262,0
DA:263,0
DA:264,0
DA:265,0
DA:267,0
DA:268,0
DA:271,0
DA:273,0
DA:274,0
DA:275,0
DA:276,0
DA:278,0
DA:279,0
DA:280,0
DA:281,0
DA:282,0
DA:283,0
DA:284,0
DA:285,0
DA:286,0
DA:289,0
DA:290,0
DA:291,0
DA:294,0
DA:295,0
DA:297,0
DA:302,1
DA:303,0
DA:304,0
DA:305,0
DA:311,0
DA:312,0
DA:313,0
DA:314,0
DA:315,0
DA:316,0
DA:317,0
DA:319,0
DA:320,0
DA:321,0
DA:322,0
DA:328,0
DA:329,0
DA:330,0
DA:331,0
DA:332,0
DA:333,0
DA:334,0
DA:337,0
DA:339,0
DA:340,0
DA:342,0
DA:345,0
DA:346,0
DA:351,0
DA:352,0
DA:353,0
DA:354,0
DA:355,0
DA:356,0
DA:357,0
DA:360,0
DA:361,0
DA:362,0
DA:363,0
DA:371,0
DA:372,0
DA:373,0
DA:374,0
DA:376,0
DA:380,1
DA:381,0
DA:382,0
DA:383,0
DA:384,0
DA:385,0
DA:386,0
DA:387,0
DA:388,0
DA:389,0
DA:390,0
DA:391,0
DA:392,0
DA:393,0
DA:394,0
DA:395,0
DA:396,0
DA:398,0
DA:401,0
DA:404,0
DA:410,1
DA:411,10
DA:412,10
DA:414,10
DA:415,10
DA:418,0
DA:419,0
DA:422,0
DA:423,0
DA:424,0
DA:426,0
DA:427,0
DA:429,0
DA:430,0
DA:431,0
DA:432,0
DA:433,0
DA:434,0
DA:435,0
DA:436,0
DA:438,0
DA:439,0
DA:440,0
DA:441,0
DA:443,0
DA:444,0
DA:445,0
DA:446,0
DA:448,0
DA:449,0
DA:450,0
DA:451,0
DA:452,0
DA:454,0
DA:455,0
DA:460,0
DA:461,0
DA:462,0
DA:463,0
DA:464,0
DA:465,0
DA:470,0
DA:471,0
DA:472,0
DA:473,0
DA:475,0
DA:476,0
DA:478,0
DA:479,0
DA:481,0
DA:482,0
DA:486,0
DA:487,0
DA:491,0
DA:492,0
DA:493,0
DA:498,1
DA:499,63
DA:502,1
DA:503,8
DA:506,1
DA:507,0
DA:508,0
DA:509,0
DA:510,0
DA:511,0
DA:515,0
DA:518,1
DA:519,11
DA:520,0
DA:522,11
DA:523,11
DA:524,11
DA:526,11
DA:527,0
DA:528,0
DA:531,11
DA:532,0
DA:533,0
DA:537,1
DA:538,11
DA:539,11
DA:540,0
DA:541,0
DA:543,0
DA:546,11
DA:550,1
DA:551,0
DA:552,0
DA:553,0
DA:555,0
DA:556,0
DA:561,1
DA:562,0
DA:563,0
DA:564,0
DA:568,1
DA:569,28
DA:570,28
DA:571,10
DA:572,10
DA:573,0
DA:574,0
DA:577,28
DA:578,28
DA:579,28
DA:580,0
DA:581,0
DA:583,28
DA:584,28
DA:587,1
DA:588,0
DA:589,0
DA:593,1
DA:594,0
DA:595,0
DA:597,0
DA:598,0
DA:599,0
DA:602,0
DA:603,0
DA:604,0
DA:605,0
DA:606,0
DA:607,0
DA:608,0
DA:609,0
DA:610,0
DA:611,0
DA:613,0
DA:619,1
DA:620,11
DA:621,11
DA:623,0
DA:624,0
DA:625,0
DA:629,1
DA:630,39
DA:631,27
DA:632,0
DA:637,1
DA:638,13
DA:639,0
DA:641,13
DA:642,13
DA:646,1
DA:647,12
DA:648,12
DA:649,0
DA:653,1
DA:654,6
DA:657,34
DA:673,34
DA:676,1
DA:677,1
DA:678,1
LF:366
LH:115
BRDA:38,1,0,0
BRDA:38,1,1,5
BRDA:38,2,0,5
BRDA:38,2,1,5
BRDA:87,3,0,34
BRDA:87,3,1,0
BRDA:87,4,0,34
BRDA:87,4,1,0
BRDA:91,5,0,0
BRDA:91,5,1,0
BRDA:111,6,0,0
BRDA:111,6,1,0
BRDA:112,7,0,0
BRDA:112,7,1,0
BRDA:114,8,0,0
BRDA:114,8,1,0
BRDA:116,9,0,0
BRDA:116,9,1,0
BRDA:119,10,0,0
BRDA:119,10,1,0
BRDA:127,11,0,10
BRDA:127,11,1,0
BRDA:141,12,0,0
BRDA:141,12,1,0
BRDA:141,13,0,0
BRDA:141,13,1,0
BRDA:144,14,0,0
BRDA:144,14,1,0
BRDA:148,15,0,0
BRDA:148,15,1,10
BRDA:155,16,0,5
BRDA:155,16,1,5
BRDA:166,17,0,5
BRDA:166,17,1,5
BRDA:175,18,0,0
BRDA:175,18,1,10
BRDA:179,19,0,0
BRDA:179,19,1,0
BRDA:179,20,0,0
BRDA:179,20,1,0
BRDA:179,20,2,0
BRDA:192,21,0,5
BRDA:192,21,1,0
BRDA:195,22,0,0
BRDA:195,22,1,10
BRDA:196,23,0,0
BRDA:196,23,1,0
BRDA:215,24,0,0
BRDA:215,24,1,0
BRDA:229,25,0,0
BRDA:229,25,1,0
BRDA:239,26,0,0
BRDA:239,26,1,0
BRDA:265,27,0,0
BRDA:265,27,1,0
BRDA:278,28,0,0
BRDA:278,28,1,0
BRDA:278,29,0,0
BRDA:278,29,1,0
BRDA:278,29,2,0
BRDA:278,29,3,0
BRDA:278,29,4,0
BRDA:289,30,0,0
BRDA:289,30,1,0
BRDA:294,31,0,0
BRDA:294,31,1,0
BRDA:294,32,0,0
BRDA:294,32,1,0
BRDA:294,32,2,0
BRDA:311,33,0,0
BRDA:311,33,1,0
BRDA:313,34,0,0
BRDA:313,34,1,0
BRDA:315,35,0,0
BRDA:315,35,1,0
BRDA:328,36,0,0
BRDA:328,36,1,0
BRDA:330,37,0,0
BRDA:330,37,1,0
BRDA:331,38,0,0
BRDA:331,38,1,0
BRDA:333,39,0,0
BRDA:333,39,1,0
BRDA:339,40,0,0
BRDA:339,40,1,0
BRDA:351,41,0,0
BRDA:351,41,1,0
BRDA:353,42,0,0
BRDA:353,42,1,0
BRDA:354,43,0,0
BRDA:354,43,1,0
BRDA:356,44,0,0
BRDA:356,44,1,0
BRDA:371,45,0,0
BRDA:371,45,1,0
BRDA:373,46,0,0
BRDA:373,46,1,0
BRDA:386,47,0,0
BRDA:386,47,1,0
BRDA:392,48,0,0
BRDA:392,48,1,0
BRDA:414,49,0,10
BRDA:414,49,1,0
BRDA:418,50,0,0
BRDA:418,50,1,0
BRDA:418,51,0,0
BRDA:418,51,1,0
BRDA:429,52,0,0
BRDA:429,52,1,0
BRDA:449,53,0,0
BRDA:449,53,1,0
BRDA:450,54,0,0
BRDA:450,54,1,0
BRDA:463,55,0,0
BRDA:463,55,1,0
BRDA:471,56,0,0
BRDA:471,56,1,0
BRDA:472,57,0,0
BRDA:472,57,1,0
BRDA:472,58,0,0
BRDA:472,58,1,0
BRDA:475,59,0,0
BRDA:475,59,1,0
BRDA:475,60,0,0
BRDA:475,60,1,0
BRDA:478,61,0,0
BRDA:478,61,1,0
BRDA:478,62,0,0
BRDA:478,62,1,0
BRDA:481,63,0,0
BRDA:481,63,1,0
BRDA:481,64,0,0
BRDA:481,64,1,0
BRDA:499,65,0,49
BRDA:499,65,1,14
BRDA:499,66,0,63
BRDA:499,66,1,54
BRDA:509,67,0,0
BRDA:509,67,1,0
BRDA:519,68,0,0
BRDA:519,68,1,11
BRDA:526,69,0,0
BRDA:526,69,1,11
BRDA:531,70,0,0
BRDA:531,70,1,11
BRDA:531,71,0,11
BRDA:531,71,1,0
BRDA:539,72,0,0
BRDA:539,72,1,11
BRDA:540,73,0,0
BRDA:540,73,1,0
BRDA:551,74,0,0
BRDA:551,74,1,0
BRDA:563,75,0,0
BRDA:563,75,1,0
BRDA:569,76,0,25
BRDA:569,76,1,3
BRDA:572,77,0,0
BRDA:572,77,1,10
BRDA:579,78,0,0
BRDA:579,78,1,28
BRDA:594,79,0,0
BRDA:594,79,1,0
BRDA:598,80,0,0
BRDA:598,80,1,0
BRDA:607,81,0,0
BRDA:607,81,1,0
BRDA:608,82,0,0
BRDA:608,82,1,0
BRDA:610,83,0,0
BRDA:610,83,1,0
BRDA:620,84,0,11
BRDA:620,84,1,0
BRDA:624,85,0,0
BRDA:624,85,1,0
BRDA:630,86,0,27
BRDA:630,86,1,12
BRDA:638,87,0,0
BRDA:638,87,1,13
BRDA:641,88,0,13
BRDA:641,88,1,0
BRDA:648,89,0,0
BRDA:648,89,1,12
BRDA:648,90,0,12
BRDA:648,90,1,0
BRF:185
BRH:36
end_of_record
TN:
SF:/Users/ssimonia/git/dash.js/src/streaming/text/EmbeddedTextHtmlRender.js
FN:38,_interopRequireDefault
FN:44,EmbeddedTextHtmlRender
FN:50,checkIndent
FN:63,getRegionProperties
FN:67,createRGB
FN:88,getStyle
FN:97,ltrim
FN:101,rtrim
FN:106,createHTMLCaptionsFromScreen
FNF:9
FNH:1
FNDA:1,_interopRequireDefault
FNDA:0,EmbeddedTextHtmlRender
FNDA:0,checkIndent
FNDA:0,getRegionProperties
FNDA:0,createRGB
FNDA:0,getStyle
FNDA:0,ltrim
FNDA:0,rtrim
FNDA:0,createHTMLCaptionsFromScreen
DA:33,1
DA:38,1
DA:40,1
DA:42,1
DA:44,1
DA:46,0
DA:47,0
DA:50,1
DA:51,0
DA:53,0
DA:54,0
DA:55,0
DA:58,0
DA:59,0
DA:60,0
DA:63,1
DA:64,0
DA:67,1
DA:68,0
DA:69,0
DA:70,0
DA:71,0
DA:72,0
DA:73,0
DA:74,0
DA:75,0
DA:76,0
DA:77,0
DA:78,0
DA:79,0
DA:80,0
DA:81,0
DA:82,0
DA:83,0
DA:85,0
DA:88,1
DA:89,0
DA:90,0
DA:91,0
DA:93,0
DA:97,1
DA:98,0
DA:99,0
DA:101,1
DA:102,0
DA:103,0
DA:106,1
DA:108,0
DA:109,0
DA:110,0
DA:111,0
DA:112,0
DA:113,0
DA:114,0
DA:115,0
DA:116,0
DA:117,0
DA:120,0
DA:121,0
DA:122,0
DA:123,0
DA:125,0
DA:129,0
DA:132,0
DA:133,0
DA:137,0
DA:138,0
DA:139,0
DA:140,0
DA:141,0
DA:142,0
DA:143,0
DA:144,0
DA:146,0
DA:147,0
DA:150,0
DA:153,0
DA:154,0
DA:155,0
DA:156,0
DA:157,0
DA:158,0
DA:159,0
DA:162,0
DA:163,0
DA:164,0
DA:166,0
DA:167,0
DA:170,0
DA:171,0
DA:174,0
DA:176,0
DA:179,0
DA:182,0
DA:183,0
DA:186,0
DA:187,0
DA:190,0
DA:191,0
DA:193,0
DA:194,0
DA:195,0
DA:196,0
DA:197,0
DA:198,0
DA:199,0
DA:200,0
DA:202,0
DA:203,0
DA:206,0
DA:211,0
DA:212,0
DA:213,0
DA:214,0
DA:215,0
DA:216,0
DA:217,0
DA:219,0
DA:220,0
DA:223,0
DA:229,0
DA:232,0
DA:233,0
DA:235,0
DA:236,0
DA:237,0
DA:238,0
DA:239,0
DA:241,0
DA:242,0
DA:243,0
DA:245,0
DA:246,0
DA:247,0
DA:249,0
DA:250,0
DA:251,0
DA:252,0
DA:253,0
DA:254,0
DA:255,0
DA:256,0
DA:257,0
DA:258,0
DA:260,0
DA:261,0
DA:262,0
DA:264,0
DA:265,0
DA:266,0
DA:267,0
DA:268,0
DA:271,0
DA:273,0
DA:275,0
DA:278,0
DA:282,0
DA:284,0
DA:286,0
DA:289,0
DA:292,0
DA:295,0
DA:300,0
DA:302,0
DA:304,0
DA:305,0
DA:306,0
DA:307,0
DA:311,0
DA:327,0
DA:330,0
DA:333,0
DA:336,1
DA:337,1
DA:338,1
LF:175
LH:15
BRDA:38,1,0,0
BRDA:38,1,1,1
BRDA:38,2,0,1
BRDA:38,2,1,1
BRDA:68,3,0,0
BRDA:68,3,1,0
BRDA:70,4,0,0
BRDA:70,4,1,0
BRDA:72,5,0,0
BRDA:72,5,1,0
BRDA:74,6,0,0
BRDA:74,6,1,0
BRDA:76,7,0,0
BRDA:76,7,1,0
BRDA:78,8,0,0
BRDA:78,8,1,0
BRDA:80,9,0,0
BRDA:80,9,1,0
BRDA:82,10,0,0
BRDA:82,10,1,0
BRDA:90,11,0,0
BRDA:90,11,1,0
BRDA:91,12,0,0
BRDA:91,12,1,0
BRDA:91,13,0,0
BRDA:91,13,1,0
BRDA:91,14,0,0
BRDA:91,14,1,0
BRDA:91,15,0,0
BRDA:91,15,1,0
BRDA:125,16,0,0
BRDA:125,16,1,0
BRDA:132,17,0,0
BRDA:132,17,1,0
BRDA:137,18,0,0
BRDA:137,18,1,0
BRDA:137,19,0,0
BRDA:137,19,1,0
BRDA:142,20,0,0
BRDA:142,20,1,0
BRDA:156,21,0,0
BRDA:156,21,1,0
BRDA:156,22,0,0
BRDA:156,22,1,0
BRDA:157,23,0,0
BRDA:157,23,1,0
BRDA:163,24,0,0
BRDA:163,24,1,0
BRDA:166,25,0,0
BRDA:166,25,1,0
BRDA:170,26,0,0
BRDA:170,26,1,0
BRDA:182,27,0,0
BRDA:182,27,1,0
BRDA:193,28,0,0
BRDA:193,28,1,0
BRDA:198,29,0,0
BRDA:198,29,1,0
BRDA:211,30,0,0
BRDA:211,30,1,0
BRDA:215,31,0,0
BRDA:215,31,1,0
BRDA:254,32,0,0
BRDA:254,32,1,0
BRDA:255,33,0,0
BRDA:255,33,1,0
BRDA:255,34,0,0
BRDA:255,34,1,0
BRDA:261,35,0,0
BRDA:261,35,1,0
BRDA:271,36,0,0
BRDA:271,36,1,0
BRDA:271,37,0,0
BRDA:271,37,1,0
BRDA:273,38,0,0
BRDA:273,38,1,0
BRDA:282,39,0,0
BRDA:282,39,1,0
BRDA:282,40,0,0
BRDA:282,40,1,0
BRDA:284,41,0,0
BRDA:284,41,1,0
BRDA:306,42,0,0
BRDA:306,42,1,0
BRF:84
BRH:4
end_of_record
TN:
SF:/Users/ssimonia/git/dash.js/src/streaming/utils/VTTParser.js
FN:38,_interopRequireDefault
FN:50,VTTParser
FN:60,setup
FN:67,parse
FN:115,convertCuePointTimes
FN:128,parseItemAttributes
FN:137,getCaptionStyles
FN:139,(anonymous_8)
FN:166,getSublines
FNF:9
FNH:8
FNDA:2,_interopRequireDefault
FNDA:35,VTTParser
FNDA:35,setup
FNDA:2,parse
FNDA:16,convertCuePointTimes
FNDA:8,parseItemAttributes
FNDA:8,getCaptionStyles
FNDA:0,(anonymous_8)
FNDA:8,getSublines
DA:33,1
DA:38,2
DA:40,1
DA:42,1
DA:44,1
DA:46,1
DA:48,1
DA:50,1
DA:51,35
DA:52,35
DA:54,35
DA:60,1
DA:61,35
DA:62,35
DA:63,35
DA:64,35
DA:67,1
DA:68,2
DA:69,2
DA:72,2
DA:73,1
DA:76,1
DA:77,1
DA:78,1
DA:80,1
DA:81,33
DA:83,33
DA:84,24
DA:85,8
DA:86,8
DA:87,8
DA:88,8
DA:89,8
DA:90,8
DA:92,8
DA:93,8
DA:94,8
DA:96,8
DA:103,0
DA:106,0
DA:112,1
DA:115,1
DA:116,16
DA:117,16
DA:119,16
DA:121,16
DA:122,16
DA:125,16
DA:128,1
DA:129,8
DA:130,8
DA:131,8
DA:132,8
DA:133,8
DA:134,8
DA:137,1
DA:138,8
DA:139,8
DA:140,0
DA:141,0
DA:142,0
DA:143,0
DA:145,0
DA:146,0
DA:148,0
DA:149,0
DA:151,0
DA:152,0
DA:154,0
DA:155,0
DA:160,8
DA:166,1
DA:167,8
DA:169,8
DA:170,8
DA:171,8
DA:173,8
DA:174,8
DA:177,8
DA:178,8
DA:179,0
DA:180,0
DA:181,0
DA:182,0
DA:183,0
DA:184,0
DA:188,0
DA:189,0
DA:193,8
DA:194,8
DA:196,8
DA:199,35
DA:203,35
DA:204,35
DA:206,1
DA:207,1
DA:208,1
LF:97
LH:75
BRDA:38,1,0,0
BRDA:38,1,1,2
BRDA:38,2,0,2
BRDA:38,2,1,2
BRDA:72,3,0,1
BRDA:72,3,1,1
BRDA:83,4,0,24
BRDA:83,4,1,9
BRDA:83,5,0,33
BRDA:83,5,1,25
BRDA:84,6,0,8
BRDA:84,6,1,16
BRDA:92,7,0,8
BRDA:92,7,1,0
BRDA:92,8,0,8
BRDA:92,8,1,8
BRDA:92,8,2,8
BRDA:92,8,3,8
BRDA:93,9,0,8
BRDA:93,9,1,0
BRDA:121,10,0,16
BRDA:121,10,1,0
BRDA:140,11,0,0
BRDA:140,11,1,0
BRDA:142,12,0,0
BRDA:142,12,1,0
BRDA:142,13,0,0
BRDA:142,13,1,0
BRDA:145,14,0,0
BRDA:145,14,1,0
BRDA:145,15,0,0
BRDA:145,15,1,0
BRDA:148,16,0,0
BRDA:148,16,1,0
BRDA:148,17,0,0
BRDA:148,17,1,0
BRDA:151,18,0,0
BRDA:151,18,1,0
BRDA:151,19,0,0
BRDA:151,19,1,0
BRDA:154,20,0,0
BRDA:154,20,1,0
BRDA:154,21,0,0
BRDA:154,21,1,0
BRDA:173,22,0,16
BRDA:173,22,1,9
BRDA:178,23,0,0
BRDA:178,23,1,8
BRDA:181,24,0,0
BRDA:181,24,1,0
BRDA:183,25,0,0
BRDA:183,25,1,0
BRDA:194,26,0,8
BRDA:194,26,1,0
BRF:54
BRH:23
end_of_record
TN:
SF:/Users/ssimonia/git/dash.js/src/streaming/utils/TTMLParser.js
FN:38,_interopRequireDefault
FN:58,TTMLParser
FN:71,getCueID
FN:86,parse
FN:101,onOpenTag
FN:111,onCloseTag
FN:119,onText
FN:135,(anonymous_8)
FN:144,(anonymous_9)
FN:148,(anonymous_10)
FN:177,setup
FNF:11
FNH:4
FNDA:4,_interopRequireDefault
FNDA:35,TTMLParser
FNDA:0,getCueID
FNDA:1,parse
FNDA:0,onOpenTag
FNDA:0,onCloseTag
FNDA:0,onText
FNDA:0,(anonymous_8)
FNDA:0,(anonymous_9)
FNDA:0,(anonymous_10)
FNDA:35,setup
DA:33,1
DA:38,4
DA:40,1
DA:42,1
DA:44,1
DA:46,1
DA:48,1
DA:50,1
DA:52,1
DA:54,1
DA:56,1
DA:58,1
DA:60,35
DA:61,35
DA:62,35
DA:67,35
DA:69,35
DA:71,1
DA:72,0
DA:73,0
DA:74,0
DA:86,1
DA:87,1
DA:89,1
DA:90,1
DA:91,1
DA:94,1
DA:96,1
DA:97,1
DA:98,1
DA:99,1
DA:102,0
DA:103,0
DA:104,0
DA:105,0
DA:107,0
DA:112,0
DA:113,0
DA:115,0
DA:116,0
DA:120,0
DA:121,0
DA:126,1
DA:127,1
DA:128,1
DA:131,0
DA:133,0
DA:135,0
DA:136,0
DA:139,0
DA:141,0
DA:143,0
DA:144,0
DA:145,0
DA:148,0
DA:149,0
DA:152,0
DA:153,0
DA:155,0
DA:156,0
DA:169,0
DA:170,0
DA:171,0
DA:174,0
DA:177,1
DA:179,35
DA:183,35
DA:184,35
DA:186,1
DA:187,1
DA:188,1
LF:71
LH:38
BRDA:38,1,0,0
BRDA:38,1,1,4
BRDA:38,2,0,4
BRDA:38,2,1,4
BRDA:102,3,0,0
BRDA:102,3,1,0
BRDA:102,4,0,0
BRDA:102,4,1,0
BRDA:103,5,0,0
BRDA:103,5,1,0
BRDA:103,6,0,0
BRDA:103,6,1,0
BRDA:112,7,0,0
BRDA:112,7,1,0
BRDA:120,8,0,0
BRDA:120,8,1,0
BRDA:126,9,0,1
BRDA:126,9,1,0
BRDA:148,10,0,0
BRDA:148,10,1,0
BRDA:152,11,0,0
BRDA:152,11,1,0
BRDA:153,12,0,0
BRDA:153,12,1,0
BRDA:155,13,0,0
BRDA:155,13,1,0
BRDA:169,14,0,0
BRDA:169,14,1,0
BRF:28
BRH:5
end_of_record
TN:
SF:/Users/ssimonia/git/dash.js/src/streaming/PreBufferSink.js
FN:38,_interopRequireDefault
FN:55,PreBufferSink
FN:63,reset
FN:69,append
FN:73,(anonymous_5)
FN:90,remove
FN:91,(anonymous_7)
FN:97,abort
FN:99,getAllBufferRanges
FN:113,start
FN:116,end
FN:122,get
FN:139,discharge
FN:151,getChunksAt
FN:152,(anonymous_15)
FNF:15
FNH:15
FNDA:2,_interopRequireDefault
FNDA:9,PreBufferSink
FNDA:2,reset
FNDA:28,append
FNDA:50,(anonymous_5)
FNDA:9,remove
FNDA:21,(anonymous_7)
FNDA:1,abort
FNDA:1,getAllBufferRanges
FNDA:2,start
FNDA:2,end
FNDA:2,get
FNDA:9,discharge
FNDA:9,getChunksAt
FNDA:21,(anonymous_15)
DA:33,1
DA:38,2
DA:40,1
DA:42,1
DA:44,1
DA:46,1
DA:55,1
DA:56,9
DA:57,9
DA:59,9
DA:60,9
DA:61,9
DA:63,1
DA:64,2
DA:65,2
DA:66,2
DA:69,1
DA:70,28
DA:72,26
DA:73,26
DA:74,50
DA:76,26
DA:79,2
DA:82,28
DA:83,28
DA:84,0
DA:90,1
DA:91,9
DA:92,21
DA:97,1
DA:99,1
DA:100,1
DA:102,1
DA:103,4
DA:104,4
DA:105,2
DA:107,2
DA:112,1
DA:114,2
DA:117,2
DA:121,1
DA:123,2
DA:127,1
DA:139,1
DA:140,9
DA:141,9
DA:142,1
DA:143,1
DA:146,9
DA:148,9
DA:151,1
DA:152,9
DA:153,21
DA:157,9
DA:166,9
DA:169,1
DA:170,1
DA:171,1
DA:172,1
LF:59
LH:58
BRDA:38,1,0,0
BRDA:38,1,1,2
BRDA:38,2,0,2
BRDA:38,2,1,2
BRDA:70,3,0,26
BRDA:70,3,1,2
BRDA:83,4,0,0
BRDA:83,4,1,28
BRDA:92,5,0,21
BRDA:92,5,1,14
BRDA:92,5,2,15
BRDA:92,5,3,8
BRDA:104,6,0,2
BRDA:104,6,1,2
BRDA:104,7,0,4
BRDA:104,7,1,3
BRDA:141,8,0,1
BRDA:141,8,1,8
BRDA:153,9,0,21
BRDA:153,9,1,14
BRDA:153,9,2,15
BRDA:153,9,3,8
BRF:22
BRH:21
end_of_record
TN:
SF:/Users/ssimonia/git/dash.js/src/streaming/controllers/AbrController.js
FN:39,_interopRequireDefault
FN:105,AbrController
FN:143,setup
FN:149,registerStreamType
FN:167,unRegisterStreamType
FN:171,createAbrRulesCollection
FN:182,resetInitialSettings
FN:205,reset
FN:218,setConfig
FN:250,onQualityChangeRendered
FN:257,onMetricAdded
FN:267,getTopQualityIndexFor
FN:286,getTopBitrateInfoFor
FN:303,getInitialBitrateFor
FN:332,setInitialBitrateFor
FN:336,getInitialRepresentationRatioFor
FN:344,setInitialRepresentationRatioFor
FN:348,getMaxAllowedBitrateFor
FN:355,getMinAllowedBitrateFor
FN:364,setMaxAllowedBitrateFor
FN:369,setMinAllowedBitrateFor
FN:374,getMaxAllowedIndexFor
FN:383,getMinAllowedIndexFor
FN:398,getMaxAllowedRepresentationRatioFor
FN:405,setMaxAllowedRepresentationRatioFor
FN:410,getAutoSwitchBitrateFor
[...]
DA:84,0
DA:87,3
DA:93,4
DA:96,1
DA:101,1
DA:102,1
DA:104,1
LF:31
LH:25
BRDA:54,1,0,3
BRDA:54,1,1,1
BRDA:54,2,0,4
BRDA:54,2,1,4
BRDA:59,3,0,0
BRDA:59,3,1,3
BRDA:59,4,0,3
BRDA:59,4,1,3
BRDA:64,5,0,1
BRDA:64,5,1,2
BRDA:66,6,0,0
BRDA:66,6,1,1
BRDA:75,7,0,0
BRDA:75,7,1,2
BRDA:79,8,0,2
BRDA:79,8,1,0
BRDA:81,9,0,0
BRDA:81,9,1,0
BRDA:83,10,0,0
BRDA:83,10,1,0
BRF:20
BRH:12
end_of_record
TN:
SF:/Users/ssimonia/git/dash.js/src/streaming/protection/controllers/ProtectionController.js
FN:39,_interopRequireDefault
FN:67,ProtectionController
FN:86,setup
FN:93,checkConfig
FN:110,initializeForMedia
FN:148,getSupportedKeySystemsFromContentProtection
FN:166,createKeySession
FN:201,loadKeySession
FN:217,removeKeySession
FN:231,closeKeySession
FN:246,setServerCertificate
FN:260,setMediaElement
FN:278,setSessionType
FN:290,setRobustnessLevel
FN:303,setProtectionData
FN:317,reset
FN:338,getProtData
FN:350,getKeySystemConfiguration
FN:358,(anonymous_19)
FN:369,getSessionType
FN:375,selectKeySystem
FN:384,(anonymous_22)
FN:390,onKeySystemAccessComplete
FN:420,(anonymous_24)
FN:431,onKeySystemAccessComplete
FN:446,onKeySystemSelected
FN:495,sendLicenseRequestCompleteEvent
FN:499,onKeyStatusChanged
FN:507,onKeyMessage
FN:579,reportError
FN:586,(anonymous_31)
FN:599,(anonymous_32)
FN:602,(anonymous_33)
FN:607,updateHeaders
FN:630,onNeedKey
FN:672,getKeySystems
FNF:36
FNH:8
FNDA:3,_interopRequireDefault
FNDA:2,ProtectionController
FNDA:2,setup
FNDA:2,checkConfig
FNDA:3,initializeForMedia
FNDA:0,getSupportedKeySystemsFromContentProtection
FNDA:0,createKeySession
FNDA:0,loadKeySession
FNDA:0,removeKeySession
FNDA:0,closeKeySession
FNDA:0,setServerCertificate
FNDA:0,setMediaElement
FNDA:0,setSessionType
FNDA:0,setRobustnessLevel
FNDA:0,setProtectionData
FNDA:0,reset
FNDA:1,getProtData
FNDA:0,getKeySystemConfiguration
FNDA:0,(anonymous_19)
FNDA:0,getSessionType
FNDA:0,selectKeySystem
FNDA:0,(anonymous_22)
FNDA:0,onKeySystemAccessComplete
FNDA:0,(anonymous_24)
FNDA:0,onKeySystemAccessComplete
FNDA:0,onKeySystemSelected
FNDA:1,sendLicenseRequestCompleteEvent
FNDA:0,onKeyStatusChanged
FNDA:1,onKeyMessage
FNDA:0,reportError
FNDA:0,(anonymous_31)
FNDA:0,(anonymous_32)
FNDA:0,(anonymous_33)
FNDA:0,updateHeaders
FNDA:0,onNeedKey
FNDA:0,getKeySystems
DA:34,1
DA:39,3
DA:41,1
DA:43,1
DA:45,1
DA:47,1
DA:49,1
DA:51,1
DA:67,1
DA:69,2
DA:70,2
DA:71,2
DA:72,2
DA:73,2
DA:74,2
DA:75,2
DA:76,2
DA:78,2
DA:86,1
DA:87,2
DA:88,2
DA:89,2
DA:90,2
DA:93,1
DA:94,2
DA:95,1
DA:110,1
DA:115,3
DA:116,1
DA:119,2
DA:121,1
DA:122,1
DA:124,1
DA:128,1
DA:129,1
DA:130,0
DA:148,1
DA:149,0
DA:166,1
DA:167,0
DA:168,0
DA:169,0
DA:172,0
DA:173,0
DA:174,0
DA:175,0
DA:176,0
DA:179,0
DA:180,0
DA:182,0
DA:184,0
DA:185,0
DA:187,0
DA:201,1
DA:202,0
DA:217,1
DA:218,0
DA:231,1
DA:232,0
DA:246,1
DA:247,0
DA:260,1
DA:261,0
DA:262,0
DA:263,0
DA:264,0
DA:265,0
DA:266,0
DA:278,1
DA:279,0
DA:290,1
DA:291,0
DA:303,1
DA:304,0
DA:305,0
DA:317,1
DA:319,0
DA:320,0
DA:322,0
DA:324,0
DA:326,0
DA:327,0
DA:328,0
DA:331,0
DA:338,1
DA:339,1
DA:340,1
DA:341,0
DA:343,0
DA:344,0
DA:347,1
DA:350,1
DA:351,0
DA:352,0
DA:353,0
DA:354,0
DA:355,0
DA:356,0
DA:358,0
DA:359,0
DA:360,0
DA:361,0
DA:362,0
DA:366,0
DA:369,1
DA:370,0
DA:371,0
DA:372,0
DA:375,1
DA:376,0
DA:377,0
DA:379,0
DA:380,0
DA:382,0
DA:383,0
DA:384,0
DA:386,0
DA:390,0
DA:391,0
DA:392,0
DA:393,0
DA:394,0
DA:397,0
DA:398,0
DA:399,0
DA:401,0
DA:402,0
DA:404,0
DA:408,0
DA:409,0
DA:410,0
DA:414,1
DA:417,0
DA:418,0
DA:420,0
DA:422,0
DA:423,0
DA:426,0
DA:427,0
DA:430,0
DA:431,0
DA:432,0
DA:433,0
DA:434,0
DA:435,0
DA:436,0
DA:437,0
DA:440,0
DA:441,0
DA:442,0
DA:446,0
DA:447,0
DA:448,0
DA:449,0
DA:450,0
DA:451,0
DA:453,0
DA:454,0
DA:455,0
DA:457,0
DA:458,0
DA:459,0
DA:462,0
DA:463,0
DA:464,0
DA:466,0
DA:468,0
DA:469,0
DA:471,0
DA:473,0
DA:478,0
DA:479,0
DA:480,0
DA:485,0
DA:486,0
DA:487,0
DA:491,0
DA:495,1
DA:496,1
DA:499,1
DA:500,0
DA:501,0
DA:503,0
DA:507,1
DA:508,1
DA:509,1
DA:510,0
DA:511,0
DA:515,1
DA:516,1
DA:517,1
DA:518,1
DA:519,1
DA:520,1
DA:521,1
DA:522,1
DA:523,1
DA:526,1
DA:527,1
DA:528,1
DA:532,0
DA:533,0
DA:534,0
DA:535,0
DA:539,0
DA:540,0
DA:541,0
DA:542,0
DA:543,0
DA:544,0
DA:545,0
DA:550,0
DA:553,0
DA:554,0
DA:555,0
DA:556,0
DA:557,0
DA:558,0
DA:559,0
DA:561,0
DA:563,0
DA:565,0
DA:566,0
DA:567,0
DA:571,0
DA:574,0
DA:575,0
DA:576,0
DA:579,0
DA:580,0
DA:581,0
DA:584,0
DA:585,0
DA:586,0
DA:587,0
DA:588,0
DA:589,0
DA:590,0
DA:591,0
DA:593,0
DA:596,0
DA:599,0
DA:600,0
DA:602,0
DA:603,0
DA:607,0
DA:608,0
DA:609,0
DA:610,0
DA:611,0
DA:613,0
DA:617,0
DA:618,0
DA:620,0
DA:623,0
DA:624,0
DA:627,0
DA:630,1
DA:631,0
DA:633,0
DA:634,0
DA:635,0
DA:640,0
DA:641,0
DA:642,0
DA:646,0
DA:647,0
DA:648,0
DA:651,0
DA:652,0
DA:653,0
DA:654,0
DA:655,0
DA:661,0
DA:663,0
DA:664,0
DA:665,0
DA:666,0
DA:669,0
DA:672,1
DA:673,0
DA:676,2
DA:692,2
DA:693,2
DA:696,1
DA:697,1
DA:699,1
LF:287
LH:80
BRDA:39,1,0,0
BRDA:39,1,1,3
BRDA:39,2,0,3
BRDA:39,2,1,3
BRDA:69,3,0,2
BRDA:69,3,1,0
BRDA:94,4,0,1
BRDA:94,4,1,1
BRDA:94,5,0,2
BRDA:94,5,1,1
BRDA:94,5,2,1
BRDA:94,5,3,1
BRDA:115,6,0,1
BRDA:115,6,1,2
BRDA:129,7,0,0
BRDA:129,7,1,1
BRDA:129,8,0,1
BRDA:129,8,1,1
BRDA:169,9,0,0
BRDA:169,9,1,0
BRDA:174,10,0,0
BRDA:174,10,1,0
BRDA:184,11,0,0
BRDA:184,11,1,0
BRDA:261,12,0,0
BRDA:261,12,1,0
BRDA:264,13,0,0
BRDA:264,13,1,0
BRDA:326,14,0,0
BRDA:326,14,1,0
BRDA:340,15,0,0
BRDA:340,15,1,1
BRDA:343,16,0,0
BRDA:343,16,1,0
BRDA:344,17,0,0
BRDA:344,17,1,0
BRDA:354,18,0,0
BRDA:354,18,1,0
BRDA:354,19,0,0
BRDA:354,19,1,0
BRDA:354,19,2,0
BRDA:355,20,0,0
BRDA:355,20,1,0
BRDA:355,21,0,0
BRDA:355,21,1,0
BRDA:355,21,2,0
BRDA:359,22,0,0
BRDA:359,22,1,0
BRDA:361,23,0,0
BRDA:361,23,1,0
BRDA:366,24,0,0
BRDA:366,24,1,0
BRDA:371,25,0,0
BRDA:371,25,1,0
BRDA:371,26,0,0
BRDA:371,26,1,0
BRDA:380,27,0,0
BRDA:380,27,1,0
BRDA:383,28,0,0
BRDA:383,28,1,0
BRDA:392,29,0,0
BRDA:392,29,1,0
BRDA:393,30,0,0
BRDA:393,30,1,0
BRDA:399,31,0,0
BRDA:399,31,1,0
BRDA:402,32,0,0
BRDA:402,32,1,0
BRDA:414,33,0,0
BRDA:414,33,1,0
BRDA:417,34,0,0
BRDA:417,34,1,0
BRDA:433,35,0,0
BRDA:433,35,1,0
BRDA:436,36,0,0
BRDA:436,36,1,0
BRDA:449,37,0,0
BRDA:449,37,1,0
BRDA:454,38,0,0
BRDA:454,38,1,0
BRDA:454,39,0,0
BRDA:454,39,1,0
BRDA:454,39,2,0
BRDA:459,40,0,0
BRDA:459,40,1,0
BRDA:462,41,0,0
BRDA:462,41,1,0
BRDA:462,42,0,0
BRDA:462,42,1,0
BRDA:462,42,2,0
BRDA:466,43,0,0
BRDA:466,43,1,0
BRDA:469,44,0,0
BRDA:469,44,1,0
BRDA:479,45,0,0
BRDA:479,45,1,0
BRDA:500,46,0,0
BRDA:500,46,1,0
BRDA:509,47,0,0
BRDA:509,47,1,1
BRDA:517,48,0,0
BRDA:517,48,1,1
BRDA:521,49,0,0
BRDA:521,49,1,1
BRDA:526,50,0,1
BRDA:526,50,1,0
BRDA:526,51,0,1
BRDA:526,51,1,0
BRDA:532,52,0,0
BRDA:532,52,1,0
BRDA:539,53,0,0
BRDA:539,53,1,0
BRDA:541,54,0,0
BRDA:541,54,1,0
BRDA:554,55,0,0
BRDA:554,55,1,0
BRDA:554,56,0,0
BRDA:554,56,1,0
BRDA:556,57,0,0
BRDA:556,57,1,0
BRDA:556,58,0,0
BRDA:556,58,1,0
BRDA:558,59,0,0
BRDA:558,59,1,0
BRDA:558,60,0,0
BRDA:558,60,1,0
BRDA:561,61,0,0
BRDA:561,61,1,0
BRDA:561,62,0,0
BRDA:561,62,1,0
BRDA:561,62,2,0
BRDA:566,63,0,0
BRDA:566,63,1,0
BRDA:574,64,0,0
BRDA:574,64,1,0
BRDA:580,65,0,0
BRDA:580,65,1,0
BRDA:587,66,0,0
BRDA:587,66,1,0
BRDA:589,67,0,0
BRDA:589,67,1,0
BRDA:608,68,0,0
BRDA:608,68,1,0
BRDA:610,69,0,0
BRDA:610,69,1,0
BRDA:617,70,0,0
BRDA:617,70,1,0
BRDA:623,71,0,0
BRDA:623,71,1,0
BRDA:623,72,0,0
BRDA:623,72,1,0
BRDA:633,73,0,0
BRDA:633,73,1,0
BRDA:641,74,0,0
BRDA:641,74,1,0
BRDA:646,75,0,0
BRDA:646,75,1,0
BRDA:648,76,0,0
BRDA:648,76,1,0
BRDA:653,77,0,0
BRDA:653,77,1,0
BRDA:664,78,0,0
BRDA:664,78,1,0
BRDA:673,79,0,0
BRDA:673,79,1,0
BRF:165
BRH:24
end_of_record
TN:
SF:/Users/ssimonia/git/dash.js/src/streaming/protection/CommonEncryption.js
FN:39,(anonymous_1)
FN:39,defineProperties
FN:39,(anonymous_3)
FN:43,_classCallCheck
FN:45,(anonymous_5)
FN:46,CommonEncryption
FN:61,findCencContentProtection
FN:78,getPSSHData
FN:107,getPSSHForKeySystem
FN:125,parseInitDataFromContentProtection
FN:143,parsePSSHList
FNF:11
FNH:5
FNDA:1,(anonymous_1)
FNDA:1,defineProperties
FNDA:1,(anonymous_3)
FNDA:0,_classCallCheck
FNDA:1,(anonymous_5)
FNDA:0,CommonEncryption
FNDA:0,findCencContentProtection
FNDA:0,getPSSHData
FNDA:0,getPSSHForKeySystem
FNDA:0,parseInitDataFromContentProtection
FNDA:0,parsePSSHList
DA:34,1
DA:39,5
DA:43,1
DA:45,1
DA:46,1
DA:47,0
DA:50,1
DA:62,0
DA:63,0
DA:64,0
DA:65,0
DA:67,0
DA:79,0
DA:80,0
DA:83,0
DA:85,0
DA:87,0
DA:88,0
DA:91,0
DA:92,0
DA:108,0
DA:109,0
DA:110,0
DA:112,0
DA:126,0
DA:127,0
DA:129,0
DA:145,0
DA:147,0
DA:148,0
DA:149,0
DA:152,0
DA:153,0
DA:155,0
DA:160,0
DA:162,0
DA:165,0
DA:166,0
DA:167,0
DA:170,0
DA:171,0
DA:172,0
DA:174,0
DA:177,0
DA:178,0
DA:179,0
DA:180,0
DA:182,0
DA:184,0
DA:187,0
DA:188,0
DA:190,0
DA:191,0
DA:192,0
DA:194,0
DA:195,0
DA:196,0
DA:197,0
DA:198,0
DA:200,0
DA:201,0
DA:202,0
DA:203,0
DA:204,0
DA:206,0
DA:207,0
DA:208,0
DA:209,0
DA:210,0
DA:212,0
DA:213,0
DA:214,0
DA:215,0
DA:216,0
DA:218,0
DA:220,0
DA:223,0
DA:224,0
DA:227,0
DA:228,0
DA:231,0
DA:235,1
DA:238,1
DA:239,1
LF:84
LH:9
BRDA:39,1,0,5
BRDA:39,1,1,5
BRDA:39,2,0,5
BRDA:39,2,1,0
BRDA:39,3,0,0
BRDA:39,3,1,1
BRDA:39,4,0,1
BRDA:39,4,1,0
BRDA:43,5,0,0
BRDA:43,5,1,0
BRDA:65,6,0,0
BRDA:65,6,1,0
BRDA:65,7,0,0
BRDA:65,7,1,0
BRDA:87,8,0,0
BRDA:87,8,1,0
BRDA:109,9,0,0
BRDA:109,9,1,0
BRDA:126,10,0,0
BRDA:126,10,1,0
BRDA:145,11,0,0
BRDA:145,11,1,0
BRDA:147,12,0,0
BRDA:147,12,1,0
BRDA:162,13,0,0
BRDA:162,13,1,0
BRDA:170,14,0,0
BRDA:170,14,1,0
BRDA:178,15,0,0
BRDA:178,15,1,0
BRDA:178,16,0,0
BRDA:178,16,1,0
BRDA:192,17,0,0
BRDA:192,17,1,0
BRDA:198,18,0,0
BRDA:198,18,1,0
BRDA:204,19,0,0
BRDA:204,19,1,0
BRDA:210,20,0,0
BRDA:210,20,1,0
BRDA:216,21,0,0
BRDA:216,21,1,0
BRF:42
BRH:10
end_of_record
TN:
SF:/Users/ssimonia/git/dash.js/src/streaming/protection/vo/MediaCapability.js
FN:42,_classCallCheck
FN:51,MediaCapability
FNF:2
FNH:1
FNDA:0,_classCallCheck
FNDA:0,MediaCapability
DA:37,1
DA:42,1
DA:44,1
DA:52,0
DA:54,0
DA:55,0
DA:58,1
DA:59,1
LF:8
LH:5
BRDA:42,1,0,0
BRDA:42,1,1,0
BRF:2
BRH:2
end_of_record
TN:
SF:/Users/ssimonia/git/dash.js/src/streaming/protection/vo/KeySystemConfiguration.js
FN:44,_classCallCheck
FN:62,KeySystemConfiguration
FNF:2
FNH:1
FNDA:0,_classCallCheck
FNDA:0,KeySystemConfiguration
DA:39,1
DA:44,1
DA:46,1
DA:63,0
DA:65,0
DA:66,0
DA:67,0
DA:69,0
DA:70,0
DA:72,0
DA:73,0
DA:74,0
DA:77,1
DA:78,1
LF:14
LH:5
BRDA:44,1,0,0
BRDA:44,1,1,0
BRDA:66,2,0,0
BRDA:66,2,1,0
BRDA:66,3,0,0
BRDA:66,3,1,0
BRDA:69,4,0,0
BRDA:69,4,1,0
BRDA:69,5,0,0
BRDA:69,5,1,0
BRF:10
BRH:2
end_of_record
TN:
SF:/Users/ssimonia/git/dash.js/src/streaming/protection/ProtectionEvents.js
FN:38,get
FN:42,_interopRequireDefault
FN:46,_classCallCheck
FN:50,_inherits
FN:61,(anonymous_5)
FN:70,ProtectionEvents
FNF:6
FNH:6
FNDA:1,get
FNDA:1,_interopRequireDefault
FNDA:1,_classCallCheck
FNDA:1,_inherits
FNDA:1,(anonymous_5)
FNDA:1,ProtectionEvents
DA:33,1
DA:38,1
DA:42,1
DA:46,1
DA:50,1
DA:52,1
DA:54,1
DA:61,1
DA:62,1
DA:70,1
DA:71,1
DA:73,1
DA:81,1
DA:88,1
DA:94,1
DA:105,1
DA:111,1
DA:118,1
DA:125,1
DA:132,1
DA:139,1
DA:146,1
DA:153,1
DA:160,1
DA:167,1
DA:173,1
DA:179,1
DA:185,1
DA:192,1
DA:199,1
DA:206,1
DA:209,1
DA:212,1
DA:213,1
DA:214,1
LF:35
LH:35
BRDA:38,1,0,0
BRDA:38,1,1,1
BRDA:38,2,0,0
BRDA:38,2,1,1
BRDA:38,3,0,0
BRDA:38,3,1,0
BRDA:38,4,0,1
BRDA:38,4,1,0
BRDA:38,5,0,0
BRDA:38,5,1,0
BRDA:42,6,0,0
BRDA:42,6,1,1
BRDA:42,7,0,1
BRDA:42,7,1,1
BRDA:46,8,0,0
BRDA:46,8,1,1
BRDA:50,9,0,0
BRDA:50,9,1,1
BRDA:50,10,0,1
BRDA:50,10,1,0
BRDA:50,11,0,1
BRDA:50,11,1,1
BRDA:50,12,0,1
BRDA:50,12,1,0
BRDA:50,13,0,1
BRDA:50,13,1,0
BRF:26
BRH:26
end_of_record
TN:
SF:/Users/ssimonia/git/dash.js/src/streaming/protection/drm/KeySystemPlayReady.js
FN:45,_interopRequireDefault
FN:61,KeySystemPlayReady
FN:68,checkConfig
FN:74,getRequestHeadersFromMessage
FN:103,getLicenseRequestFromMessage
FN:127,getLicenseServerURLFromInitData
FN:170,getInitData
FN:239,setPlayReadyMessageFormat
FN:250,init
FN:259,getCDMData
FN:295,getSessionId
FNF:11
FNH:5
FNDA:2,_interopRequireDefault
FNDA:2,KeySystemPlayReady
FNDA:2,checkConfig
FNDA:0,getRequestHeadersFromMessage
FNDA:0,getLicenseRequestFromMessage
FNDA:0,getLicenseServerURLFromInitData
FNDA:0,getInitData
FNDA:0,setPlayReadyMessageFormat
FNDA:1,init
FNDA:2,getCDMData
FNDA:0,getSessionId
DA:40,1
DA:45,2
DA:47,1
DA:49,1
DA:51,1
DA:53,1
DA:55,1
DA:56,1
DA:57,1
DA:58,1
DA:59,1
DA:61,1
DA:63,2
DA:64,2
DA:65,2
DA:66,2
DA:68,1
DA:69,2
DA:70,1
DA:74,1
DA:75,0
DA:77,0
DA:78,0
DA:79,0
DA:81,0
DA:82,0
DA:84,0
DA:85,0
DA:86,0
DA:87,0
DA:92,0
DA:93,0
DA:94,0
DA:97,0
DA:98,0
DA:100,0
DA:103,1
DA:104,0
DA:105,0
DA:106,0
DA:108,0
DA:109,0
DA:110,0
DA:112,0
DA:113,0
DA:114,0
DA:115,0
DA:117,0
DA:121,0
DA:124,0
DA:127,1
DA:128,0
DA:129,0
DA:130,0
DA:131,0
DA:132,0
DA:134,0
DA:136,0
DA:137,0
DA:138,0
DA:139,0
DA:140,0
DA:141,0
DA:142,0
DA:145,0
DA:146,0
DA:147,0
DA:150,0
DA:151,0
DA:152,0
DA:153,0
DA:158,0
DA:159,0
DA:160,0
DA:161,0
DA:167,0
DA:170,1
DA:179,0
DA:180,0
DA:182,0
DA:183,0
DA:185,0
DA:191,0
DA:193,0
DA:194,0
DA:197,0
DA:198,0
DA:199,0
DA:200,0
DA:202,0
DA:205,0
DA:206,0
DA:208,0
DA:210,0
DA:211,0
DA:213,0
DA:214,0
DA:216,0
DA:217,0
DA:219,0
DA:220,0
DA:222,0
DA:223,0
DA:225,0
DA:226,0
DA:228,0
DA:239,1
DA:240,0
DA:241,0
DA:243,0
DA:250,1
DA:251,1
DA:252,1
DA:259,1
DA:260,2
DA:265,2
DA:266,1
DA:268,1
DA:269,1
DA:270,192
DA:271,192
DA:273,1
DA:276,1
DA:280,1
DA:283,1
DA:284,1
DA:285,698
DA:286,698
DA:289,1
DA:292,0
DA:295,1
DA:296,0
DA:299,2
DA:313,2
DA:316,1
DA:317,1
DA:319,1
LF:137
LH:49
BRDA:45,1,0,0
BRDA:45,1,1,2
BRDA:45,2,0,2
BRDA:45,2,1,2
BRDA:63,3,0,2
BRDA:63,3,1,1
BRDA:69,4,0,1
BRDA:69,4,1,1
BRDA:69,5,0,2
BRDA:69,5,1,1
BRDA:69,5,2,1
BRDA:79,6,0,0
BRDA:79,6,1,0
BRDA:92,7,0,0
BRDA:92,7,1,0
BRDA:97,8,0,0
BRDA:97,8,1,0
BRDA:106,9,0,0
BRDA:106,9,1,0
BRDA:112,10,0,0
BRDA:112,10,1,0
BRDA:114,11,0,0
BRDA:114,11,1,0
BRDA:117,12,0,0
BRDA:117,12,1,0
BRDA:128,13,0,0
BRDA:128,13,1,0
BRDA:140,14,0,0
BRDA:140,14,1,0
BRDA:150,15,0,0
BRDA:150,15,1,0
BRDA:152,16,0,0
BRDA:152,16,1,0
BRDA:158,17,0,0
BRDA:158,17,1,0
BRDA:160,18,0,0
BRDA:160,18,1,0
BRDA:193,19,0,0
BRDA:193,19,1,0
BRDA:197,20,0,0
BRDA:197,20,1,0
BRDA:199,21,0,0
BRDA:199,21,1,0
BRDA:240,22,0,0
BRDA:240,22,1,0
BRDA:240,23,0,0
BRDA:240,23,1,0
BRDA:251,24,0,1
BRDA:251,24,1,0
BRDA:266,25,0,1
BRDA:266,25,1,0
BRDA:266,26,0,1
BRDA:266,26,1,1
BRF:53
BRH:15
end_of_record
TN:
SF:/Users/ssimonia/git/dash.js/src/streaming/constants/ProtectionConstants.js
FN:44,(anonymous_1)
FN:44,defineProperties
FN:44,(anonymous_3)
FN:48,_classCallCheck
FN:50,(anonymous_5)
FN:53,init
FN:60,ProtectionConstants
FNF:7
FNH:7
FNDA:1,(anonymous_1)
FNDA:1,defineProperties
FNDA:1,(anonymous_3)
FNDA:1,_classCallCheck
FNDA:1,(anonymous_5)
FNDA:1,init
FNDA:1,ProtectionConstants
DA:39,1
DA:44,1
DA:48,1
DA:50,1
DA:51,1
DA:54,1
DA:55,1
DA:56,1
DA:60,1
DA:61,1
DA:63,1
DA:66,1
DA:69,1
DA:70,1
DA:71,1
LF:15
LH:15
BRDA:44,1,0,1
BRDA:44,1,1,1
BRDA:44,2,0,1
BRDA:44,2,1,0
BRDA:44,3,0,1
BRDA:44,3,1,0
BRDA:44,4,0,0
BRDA:44,4,1,1
BRDA:48,5,0,0
BRDA:48,5,1,1
BRF:10
BRH:10
end_of_record
TN:
SF:/Users/ssimonia/git/dash.js/src/streaming/protection/drm/KeySystemW3CClearKey.js
FN:39,_interopRequireDefault
FN:61,KeySystemW3CClearKey
FN:75,getClearKeysFromProtectionData
FN:98,getInitData
FN:102,getRequestHeadersFromMessage
FN:106,getLicenseRequestFromMessage
FN:110,getLicenseServerURLFromInitData
FN:114,getCDMData
FN:118,getSessionId
FNF:9
FNH:4
FNDA:4,_interopRequireDefault
FNDA:3,KeySystemW3CClearKey
FNDA:2,getClearKeysFromProtectionData
FNDA:0,getInitData
FNDA:0,getRequestHeadersFromMessage
FNDA:0,getLicenseRequestFromMessage
FNDA:0,getLicenseServerURLFromInitData
FNDA:1,getCDMData
FNDA:0,getSessionId
DA:34,1
DA:39,4
DA:41,1
DA:43,1
DA:45,1
DA:47,1
DA:49,1
DA:51,1
DA:53,1
DA:55,1
DA:57,1
DA:58,1
DA:59,1
DA:61,1
DA:62,3
DA:63,3
DA:64,3
DA:75,1
DA:76,2
DA:77,2
DA:80,2
DA:81,2
DA:82,2
DA:83,2
DA:84,2
DA:85,2
DA:86,0
DA:89,2
DA:91,2
DA:93,2
DA:95,2
DA:98,1
DA:99,0
DA:102,1
DA:103,0
DA:106,1
DA:107,0
DA:110,1
DA:111,0
DA:114,1
DA:115,1
DA:118,1
DA:119,0
DA:122,3
DA:135,3
DA:138,1
DA:139,1
DA:141,1
LF:48
LH:42
BRDA:39,1,0,0
BRDA:39,1,1,4
BRDA:39,2,0,4
BRDA:39,2,1,4
BRDA:77,3,0,2
BRDA:77,3,1,0
BRDA:84,4,0,2
BRDA:84,4,1,0
BRDA:84,5,0,2
BRDA:84,5,1,2
BRDA:85,6,0,0
BRDA:85,6,1,2
BRF:12
BRH:9
end_of_record
TN:
SF:/Users/ssimonia/git/dash.js/src/streaming/protection/vo/KeyPair.js
FN:42,_classCallCheck
FN:51,KeyPair
FNF:2
FNH:2
FNDA:2,_classCallCheck
FNDA:2,KeyPair
DA:37,1
DA:42,2
DA:44,1
DA:52,2
DA:54,2
DA:55,2
DA:58,1
DA:59,1
LF:8
LH:8
BRDA:42,1,0,0
BRDA:42,1,1,2
BRF:2
BRH:2
end_of_record
TN:
SF:/Users/ssimonia/git/dash.js/src/streaming/protection/vo/ClearKeyKeySet.js
FN:44,(anonymous_1)
FN:44,defineProperties
FN:44,(anonymous_3)
FN:48,_classCallCheck
FN:50,(anonymous_5)
FN:59,ClearKeyKeySet
FN:75,toJWK
FNF:7
FNH:6
FNDA:1,(anonymous_1)
FNDA:1,defineProperties
FNDA:1,(anonymous_3)
FNDA:2,_classCallCheck
FNDA:1,(anonymous_5)
FNDA:2,ClearKeyKeySet
FNDA:0,toJWK
DA:39,1
DA:44,1
DA:48,2
DA:50,1
DA:59,1
DA:60,2
DA:62,2
DA:63,2
DA:64,2
DA:73,1
DA:76,0
DA:77,0
DA:78,0
DA:80,0
DA:81,0
DA:87,0
DA:89,0
DA:90,0
DA:92,0
DA:93,0
DA:96,0
DA:97,0
DA:98,0
DA:99,0
DA:103,1
DA:106,1
DA:107,1
LF:27
LH:13
BRDA:44,1,0,1
BRDA:44,1,1,1
BRDA:44,2,0,1
BRDA:44,2,1,0
BRDA:44,3,0,1
BRDA:44,3,1,0
BRDA:44,4,0,0
BRDA:44,4,1,1
BRDA:48,5,0,0
BRDA:48,5,1,2
BRDA:62,6,0,0
BRDA:62,6,1,2
BRDA:62,7,0,2
BRDA:62,7,1,0
BRDA:62,7,2,0
BRDA:89,8,0,0
BRDA:89,8,1,0
BRF:17
BRH:12
end_of_record
TN:
SF:/Users/ssimonia/git/dash.js/src/streaming/protection/servers/DRMToday.js
FN:46,_interopRequireDefault
FN:52,DRMToday
FN:60,getLicenseMessage
FN:63,getErrorResponse
FN:69,getLicenseMessage
FN:72,getErrorResponse
FN:79,checkConfig
FN:85,getServerURLFromMessage
FN:89,getHTTPMethod
FN:93,getResponseType
FN:97,getLicenseMessage
FN:102,getErrorResponse
FNF:12
FNH:4
FNDA:1,_interopRequireDefault
FNDA:1,DRMToday
FNDA:0,getLicenseMessage
FNDA:0,getErrorResponse
FNDA:0,getLicenseMessage
FNDA:0,getErrorResponse
FNDA:2,checkConfig
FNDA:0,getServerURLFromMessage
FNDA:0,getHTTPMethod
FNDA:0,getResponseType
FNDA:2,getLicenseMessage
FNDA:0,getErrorResponse
DA:41,1
DA:46,1
DA:48,1
DA:50,1
DA:52,1
DA:54,1
DA:55,1
DA:57,1
DA:58,1
DA:61,0
DA:64,0
DA:67,1
DA:70,0
DA:73,0
DA:77,1
DA:79,1
DA:80,2
DA:81,2
DA:85,1
DA:86,0
DA:89,1
DA:90,0
DA:93,1
DA:94,0
DA:97,1
DA:98,2
DA:99,0
DA:102,1
DA:103,0
DA:106,1
DA:114,1
DA:117,1
DA:118,1
DA:120,1
LF:34
LH:25
BRDA:46,1,0,0
BRDA:46,1,1,1
BRDA:46,2,0,1
BRDA:46,2,1,1
BRDA:54,3,0,1
BRDA:54,3,1,1
BRDA:80,4,0,2
BRDA:80,4,1,0
BRDA:80,5,0,2
BRDA:80,5,1,0
BRF:10
BRH:8
end_of_record
TN:
SF:/Users/ssimonia/git/dash.js/src/streaming/protection/servers/PlayReady.js
FN:48,PlayReady
FN:54,uintToString
FN:60,parseServerResponse
FN:76,parseErrorResponse
FN:120,getServerURLFromMessage
FN:124,getHTTPMethod
FN:128,getResponseType
FN:132,getLicenseMessage
FN:136,getErrorResponse
FNF:9
FNH:6
FNDA:1,PlayReady
FNDA:3,uintToString
FNDA:2,parseServerResponse
FNDA:1,parseErrorResponse
FNDA:0,getServerURLFromMessage
FNDA:0,getHTTPMethod
FNDA:0,getResponseType
FNDA:2,getLicenseMessage
FNDA:1,getErrorResponse
DA:45,1
DA:48,1
DA:50,1
DA:52,1
DA:54,1
DA:55,3
DA:56,3
DA:57,3
DA:60,1
DA:61,2
DA:62,2
DA:63,2
DA:64,2
DA:65,2
DA:66,2
DA:67,2
DA:69,2
DA:70,0
DA:73,2
DA:76,1
DA:77,1
DA:78,1
DA:79,1
DA:80,1
DA:81,1
DA:83,1
DA:84,1
DA:85,1
DA:86,1
DA:87,1
DA:88,1
DA:89,1
DA:90,1
DA:91,1
DA:92,1
DA:94,1
DA:95,0
DA:98,1
DA:99,1
DA:101,1
DA:102,1
DA:103,1
DA:104,1
DA:105,1
DA:106,1
DA:107,1
DA:108,1
DA:112,1
DA:113,1
DA:114,1
DA:117,1
DA:120,1
DA:121,0
DA:124,1
DA:125,0
DA:128,1
DA:129,0
DA:132,1
DA:133,2
DA:136,1
DA:137,1
DA:140,1
DA:148,1
DA:151,1
DA:152,1
DA:154,1
LF:66
LH:61
BRDA:61,1,0,2
BRDA:61,1,1,0
BRDA:65,2,0,2
BRDA:65,2,1,0
BRDA:66,3,0,1
BRDA:66,3,1,1
BRDA:67,4,0,1
BRDA:67,4,1,1
BRDA:69,5,0,0
BRDA:69,5,1,2
BRDA:83,6,0,1
BRDA:83,6,1,0
BRDA:87,7,0,1
BRDA:87,7,1,0
BRDA:88,8,0,1
BRDA:88,8,1,0
BRDA:89,9,0,1
BRDA:89,9,1,0
BRDA:90,10,0,1
BRDA:90,10,1,0
BRDA:91,11,0,1
BRDA:91,11,1,0
BRDA:94,12,0,0
BRDA:94,12,1,1
BRDA:99,13,0,1
BRDA:99,13,1,0
BRDA:101,14,0,1
BRDA:101,14,1,0
BRDA:103,15,0,1
BRDA:103,15,1,0
BRDA:105,16,0,1
BRDA:105,16,1,0
BRDA:106,17,0,1
BRDA:106,17,1,0
BRDA:107,18,0,1
BRDA:107,18,1,0
BRDA:108,19,0,1
BRDA:108,19,1,0
BRDA:113,20,0,1
BRDA:113,20,1,0
BRF:40
BRH:22
end_of_record
